The target system is: Android - 1 - x86_64
The host system is: Darwin - 21.1.0 - x86_64
Determining if the C compiler works passed with the following output:
Change Dir: /Users/janicduplessis/Developer/react-native/ReactAndroid/hermes-engine/.cxx/MinSizeRel/1g696kf7/x86_64/CMakeFiles/CMakeTmp

Run Build Command:"/Users/janicduplessis/Library/Android/sdk/cmake/3.10.2.4988404/bin/ninja" "cmTC_8680f"
[1/2] Building C object CMakeFiles/cmTC_8680f.dir/testCCompiler.c.o
[2/2] Linking C executable cmTC_8680f


Detecting C compiler ABI info compiled with the following output:
Change Dir: /Users/janicduplessis/Developer/react-native/ReactAndroid/hermes-engine/.cxx/MinSizeRel/1g696kf7/x86_64/CMakeFiles/CMakeTmp

Run Build Command:"/Users/janicduplessis/Library/Android/sdk/cmake/3.10.2.4988404/bin/ninja" "cmTC_b362f"
[1/2] Building C object CMakeFiles/cmTC_b362f.dir/CMakeCCompilerABI.c.o
[2/2] Linking C executable cmTC_b362f
Android (7019983 based on r365631c3) clang version 9.0.9 (https://android.googlesource.com/toolchain/llvm-project a2a1e703c0edb03ba29944e529ccbf457742737b) (based on LLVM 9.0.9svn)
Target: x86_64-none-linux-android21
Thread model: posix
InstalledDir: /Users/janicduplessis/Library/Android/sdk/ndk/21.4.7075529/toolchains/llvm/prebuilt/darwin-x86_64/bin
Found candidate GCC installation: /Users/janicduplessis/Library/Android/sdk/ndk/21.4.7075529/toolchains/llvm/prebuilt/darwin-x86_64/lib/gcc/i686-linux-android/4.9.x
Found candidate GCC installation: /Users/janicduplessis/Library/Android/sdk/ndk/21.4.7075529/toolchains/llvm/prebuilt/darwin-x86_64/lib/gcc/x86_64-linux-android/4.9.x
Selected GCC installation: /Users/janicduplessis/Library/Android/sdk/ndk/21.4.7075529/toolchains/llvm/prebuilt/darwin-x86_64/lib/gcc/x86_64-linux-android/4.9.x
Candidate multilib: .;@m64
Selected multilib: .;@m64
 "/Users/janicduplessis/Library/Android/sdk/ndk/21.4.7075529/toolchains/llvm/prebuilt/darwin-x86_64/lib/gcc/x86_64-linux-android/4.9.x/../../../../x86_64-linux-android/bin/ld" --sysroot=/Users/janicduplessis/Library/Android/sdk/ndk/21.4.7075529/toolchains/llvm/prebuilt/darwin-x86_64/sysroot -pie -z noexecstack --warn-shared-textrel -z now -z relro --hash-style=both --enable-new-dtags --eh-frame-hdr -m elf_x86_64 -dynamic-linker /system/bin/linker64 -o cmTC_b362f /Users/janicduplessis/Library/Android/sdk/ndk/21.4.7075529/toolchains/llvm/prebuilt/darwin-x86_64/sysroot/usr/lib/x86_64-linux-android/21/crtbegin_dynamic.o -L/Users/janicduplessis/Library/Android/sdk/ndk/21.4.7075529/toolchains/llvm/prebuilt/darwin-x86_64/lib64/clang/9.0.9/lib/linux/x86_64 -L/Users/janicduplessis/Library/Android/sdk/ndk/21.4.7075529/toolchains/llvm/prebuilt/darwin-x86_64/lib/gcc/x86_64-linux-android/4.9.x -L/Users/janicduplessis/Library/Android/sdk/ndk/21.4.7075529/toolchains/llvm/prebuilt/darwin-x86_64/lib/gcc/x86_64-linux-android/4.9.x/../../../../x86_64-linux-android/lib/../lib64 -L/Users/janicduplessis/Library/Android/sdk/ndk/21.4.7075529/toolchains/llvm/prebuilt/darwin-x86_64/sysroot/usr/lib/x86_64-linux-android/21 -L/Users/janicduplessis/Library/Android/sdk/ndk/21.4.7075529/toolchains/llvm/prebuilt/darwin-x86_64/sysroot/usr/lib/x86_64-linux-android -L/Users/janicduplessis/Library/Android/sdk/ndk/21.4.7075529/toolchains/llvm/prebuilt/darwin-x86_64/lib/gcc/x86_64-linux-android/4.9.x/../../../../x86_64-linux-android/lib -L/Users/janicduplessis/Library/Android/sdk/ndk/21.4.7075529/toolchains/llvm/prebuilt/darwin-x86_64/sysroot/usr/lib --exclude-libs libgcc.a --exclude-libs libgcc_real.a --exclude-libs libatomic.a --build-id --fatal-warnings --no-undefined --gc-sections CMakeFiles/cmTC_b362f.dir/CMakeCCompilerABI.c.o -lgcc -ldl -lc -lgcc -ldl /Users/janicduplessis/Library/Android/sdk/ndk/21.4.7075529/toolchains/llvm/prebuilt/darwin-x86_64/sysroot/usr/lib/x86_64-linux-android/21/crtend_android.o


Parsed C implicit link information from above output:
  link line regex: [^( *|.*[/\])(x86_64-linux-android-ld|CMAKE_LINK_STARTFILE-NOTFOUND|([^/\]+-)?ld|collect2)[^/\]*( |$)]
  ignore line: [Change Dir: /Users/janicduplessis/Developer/react-native/ReactAndroid/hermes-engine/.cxx/MinSizeRel/1g696kf7/x86_64/CMakeFiles/CMakeTmp]
  ignore line: []
  ignore line: [Run Build Command:"/Users/janicduplessis/Library/Android/sdk/cmake/3.10.2.4988404/bin/ninja" "cmTC_b362f"]
  ignore line: [[1/2] Building C object CMakeFiles/cmTC_b362f.dir/CMakeCCompilerABI.c.o]
  ignore line: [[2/2] Linking C executable cmTC_b362f]
  ignore line: [Android (7019983 based on r365631c3) clang version 9.0.9 (https://android.googlesource.com/toolchain/llvm-project a2a1e703c0edb03ba29944e529ccbf457742737b) (based on LLVM 9.0.9svn)]
  ignore line: [Target: x86_64-none-linux-android21]
  ignore line: [Thread model: posix]
  ignore line: [InstalledDir: /Users/janicduplessis/Library/Android/sdk/ndk/21.4.7075529/toolchains/llvm/prebuilt/darwin-x86_64/bin]
  ignore line: [Found candidate GCC installation: /Users/janicduplessis/Library/Android/sdk/ndk/21.4.7075529/toolchains/llvm/prebuilt/darwin-x86_64/lib/gcc/i686-linux-android/4.9.x]
  ignore line: [Found candidate GCC installation: /Users/janicduplessis/Library/Android/sdk/ndk/21.4.7075529/toolchains/llvm/prebuilt/darwin-x86_64/lib/gcc/x86_64-linux-android/4.9.x]
  ignore line: [Selected GCC installation: /Users/janicduplessis/Library/Android/sdk/ndk/21.4.7075529/toolchains/llvm/prebuilt/darwin-x86_64/lib/gcc/x86_64-linux-android/4.9.x]
  ignore line: [Candidate multilib: .]
  ignore line: [@m64]
  ignore line: [Selected multilib: .]
  ignore line: [@m64]
  link line: [ "/Users/janicduplessis/Library/Android/sdk/ndk/21.4.7075529/toolchains/llvm/prebuilt/darwin-x86_64/lib/gcc/x86_64-linux-android/4.9.x/../../../../x86_64-linux-android/bin/ld" --sysroot=/Users/janicduplessis/Library/Android/sdk/ndk/21.4.7075529/toolchains/llvm/prebuilt/darwin-x86_64/sysroot -pie -z noexecstack --warn-shared-textrel -z now -z relro --hash-style=both --enable-new-dtags --eh-frame-hdr -m elf_x86_64 -dynamic-linker /system/bin/linker64 -o cmTC_b362f /Users/janicduplessis/Library/Android/sdk/ndk/21.4.7075529/toolchains/llvm/prebuilt/darwin-x86_64/sysroot/usr/lib/x86_64-linux-android/21/crtbegin_dynamic.o -L/Users/janicduplessis/Library/Android/sdk/ndk/21.4.7075529/toolchains/llvm/prebuilt/darwin-x86_64/lib64/clang/9.0.9/lib/linux/x86_64 -L/Users/janicduplessis/Library/Android/sdk/ndk/21.4.7075529/toolchains/llvm/prebuilt/darwin-x86_64/lib/gcc/x86_64-linux-android/4.9.x -L/Users/janicduplessis/Library/Android/sdk/ndk/21.4.7075529/toolchains/llvm/prebuilt/darwin-x86_64/lib/gcc/x86_64-linux-android/4.9.x/../../../../x86_64-linux-android/lib/../lib64 -L/Users/janicduplessis/Library/Android/sdk/ndk/21.4.7075529/toolchains/llvm/prebuilt/darwin-x86_64/sysroot/usr/lib/x86_64-linux-android/21 -L/Users/janicduplessis/Library/Android/sdk/ndk/21.4.7075529/toolchains/llvm/prebuilt/darwin-x86_64/sysroot/usr/lib/x86_64-linux-android -L/Users/janicduplessis/Library/Android/sdk/ndk/21.4.7075529/toolchains/llvm/prebuilt/darwin-x86_64/lib/gcc/x86_64-linux-android/4.9.x/../../../../x86_64-linux-android/lib -L/Users/janicduplessis/Library/Android/sdk/ndk/21.4.7075529/toolchains/llvm/prebuilt/darwin-x86_64/sysroot/usr/lib --exclude-libs libgcc.a --exclude-libs libgcc_real.a --exclude-libs libatomic.a --build-id --fatal-warnings --no-undefined --gc-sections CMakeFiles/cmTC_b362f.dir/CMakeCCompilerABI.c.o -lgcc -ldl -lc -lgcc -ldl /Users/janicduplessis/Library/Android/sdk/ndk/21.4.7075529/toolchains/llvm/prebuilt/darwin-x86_64/sysroot/usr/lib/x86_64-linux-android/21/crtend_android.o]
    arg [/Users/janicduplessis/Library/Android/sdk/ndk/21.4.7075529/toolchains/llvm/prebuilt/darwin-x86_64/lib/gcc/x86_64-linux-android/4.9.x/../../../../x86_64-linux-android/bin/ld] ==> ignore
    arg [--sysroot=/Users/janicduplessis/Library/Android/sdk/ndk/21.4.7075529/toolchains/llvm/prebuilt/darwin-x86_64/sysroot] ==> ignore
    arg [-pie] ==> ignore
    arg [-znoexecstack] ==> ignore
    arg [--warn-shared-textrel] ==> ignore
    arg [-znow] ==> ignore
    arg [-zrelro] ==> ignore
    arg [--hash-style=both] ==> ignore
    arg [--enable-new-dtags] ==> ignore
    arg [--eh-frame-hdr] ==> ignore
    arg [-m] ==> ignore
    arg [elf_x86_64] ==> ignore
    arg [-dynamic-linker] ==> ignore
    arg [/system/bin/linker64] ==> ignore
    arg [-o] ==> ignore
    arg [cmTC_b362f] ==> ignore
    arg [/Users/janicduplessis/Library/Android/sdk/ndk/21.4.7075529/toolchains/llvm/prebuilt/darwin-x86_64/sysroot/usr/lib/x86_64-linux-android/21/crtbegin_dynamic.o] ==> ignore
    arg [-L/Users/janicduplessis/Library/Android/sdk/ndk/21.4.7075529/toolchains/llvm/prebuilt/darwin-x86_64/lib64/clang/9.0.9/lib/linux/x86_64] ==> dir [/Users/janicduplessis/Library/Android/sdk/ndk/21.4.7075529/toolchains/llvm/prebuilt/darwin-x86_64/lib64/clang/9.0.9/lib/linux/x86_64]
    arg [-L/Users/janicduplessis/Library/Android/sdk/ndk/21.4.7075529/toolchains/llvm/prebuilt/darwin-x86_64/lib/gcc/x86_64-linux-android/4.9.x] ==> dir [/Users/janicduplessis/Library/Android/sdk/ndk/21.4.7075529/toolchains/llvm/prebuilt/darwin-x86_64/lib/gcc/x86_64-linux-android/4.9.x]
    arg [-L/Users/janicduplessis/Library/Android/sdk/ndk/21.4.7075529/toolchains/llvm/prebuilt/darwin-x86_64/lib/gcc/x86_64-linux-android/4.9.x/../../../../x86_64-linux-android/lib/../lib64] ==> dir [/Users/janicduplessis/Library/Android/sdk/ndk/21.4.7075529/toolchains/llvm/prebuilt/darwin-x86_64/lib/gcc/x86_64-linux-android/4.9.x/../../../../x86_64-linux-android/lib/../lib64]
    arg [-L/Users/janicduplessis/Library/Android/sdk/ndk/21.4.7075529/toolchains/llvm/prebuilt/darwin-x86_64/sysroot/usr/lib/x86_64-linux-android/21] ==> dir [/Users/janicduplessis/Library/Android/sdk/ndk/21.4.7075529/toolchains/llvm/prebuilt/darwin-x86_64/sysroot/usr/lib/x86_64-linux-android/21]
    arg [-L/Users/janicduplessis/Library/Android/sdk/ndk/21.4.7075529/toolchains/llvm/prebuilt/darwin-x86_64/sysroot/usr/lib/x86_64-linux-android] ==> dir [/Users/janicduplessis/Library/Android/sdk/ndk/21.4.7075529/toolchains/llvm/prebuilt/darwin-x86_64/sysroot/usr/lib/x86_64-linux-android]
    arg [-L/Users/janicduplessis/Library/Android/sdk/ndk/21.4.7075529/toolchains/llvm/prebuilt/darwin-x86_64/lib/gcc/x86_64-linux-android/4.9.x/../../../../x86_64-linux-android/lib] ==> dir [/Users/janicduplessis/Library/Android/sdk/ndk/21.4.7075529/toolchains/llvm/prebuilt/darwin-x86_64/lib/gcc/x86_64-linux-android/4.9.x/../../../../x86_64-linux-android/lib]
    arg [-L/Users/janicduplessis/Library/Android/sdk/ndk/21.4.7075529/toolchains/llvm/prebuilt/darwin-x86_64/sysroot/usr/lib] ==> dir [/Users/janicduplessis/Library/Android/sdk/ndk/21.4.7075529/toolchains/llvm/prebuilt/darwin-x86_64/sysroot/usr/lib]
    arg [--exclude-libs] ==> ignore
    arg [libgcc.a] ==> ignore
    arg [--exclude-libs] ==> ignore
    arg [libgcc_real.a] ==> ignore
    arg [--exclude-libs] ==> ignore
    arg [libatomic.a] ==> ignore
    arg [--build-id] ==> ignore
    arg [--fatal-warnings] ==> ignore
    arg [--no-undefined] ==> ignore
    arg [--gc-sections] ==> ignore
    arg [CMakeFiles/cmTC_b362f.dir/CMakeCCompilerABI.c.o] ==> ignore
    arg [-lgcc] ==> lib [gcc]
    arg [-ldl] ==> lib [dl]
    arg [-lc] ==> lib [c]
    arg [-lgcc] ==> lib [gcc]
    arg [-ldl] ==> lib [dl]
    arg [/Users/janicduplessis/Library/Android/sdk/ndk/21.4.7075529/toolchains/llvm/prebuilt/darwin-x86_64/sysroot/usr/lib/x86_64-linux-android/21/crtend_android.o] ==> ignore
  collapse library dir [/Users/janicduplessis/Library/Android/sdk/ndk/21.4.7075529/toolchains/llvm/prebuilt/darwin-x86_64/lib64/clang/9.0.9/lib/linux/x86_64] ==> [/Users/janicduplessis/Library/Android/sdk/ndk/21.4.7075529/toolchains/llvm/prebuilt/darwin-x86_64/lib64/clang/9.0.9/lib/linux/x86_64]
  collapse library dir [/Users/janicduplessis/Library/Android/sdk/ndk/21.4.7075529/toolchains/llvm/prebuilt/darwin-x86_64/lib/gcc/x86_64-linux-android/4.9.x] ==> [/Users/janicduplessis/Library/Android/sdk/ndk/21.4.7075529/toolchains/llvm/prebuilt/darwin-x86_64/lib/gcc/x86_64-linux-android/4.9.x]
  collapse library dir [/Users/janicduplessis/Library/Android/sdk/ndk/21.4.7075529/toolchains/llvm/prebuilt/darwin-x86_64/lib/gcc/x86_64-linux-android/4.9.x/../../../../x86_64-linux-android/lib/../lib64] ==> [/Users/janicduplessis/Library/Android/sdk/ndk/21.4.7075529/toolchains/llvm/prebuilt/darwin-x86_64/x86_64-linux-android/lib64]
  collapse library dir [/Users/janicduplessis/Library/Android/sdk/ndk/21.4.7075529/toolchains/llvm/prebuilt/darwin-x86_64/sysroot/usr/lib/x86_64-linux-android/21] ==> [/Users/janicduplessis/Library/Android/sdk/ndk/21.4.7075529/toolchains/llvm/prebuilt/darwin-x86_64/sysroot/usr/lib/x86_64-linux-android/21]
  collapse library dir [/Users/janicduplessis/Library/Android/sdk/ndk/21.4.7075529/toolchains/llvm/prebuilt/darwin-x86_64/sysroot/usr/lib/x86_64-linux-android] ==> [/Users/janicduplessis/Library/Android/sdk/ndk/21.4.7075529/toolchains/llvm/prebuilt/darwin-x86_64/sysroot/usr/lib/x86_64-linux-android]
  collapse library dir [/Users/janicduplessis/Library/Android/sdk/ndk/21.4.7075529/toolchains/llvm/prebuilt/darwin-x86_64/lib/gcc/x86_64-linux-android/4.9.x/../../../../x86_64-linux-android/lib] ==> [/Users/janicduplessis/Library/Android/sdk/ndk/21.4.7075529/toolchains/llvm/prebuilt/darwin-x86_64/x86_64-linux-android/lib]
  collapse library dir [/Users/janicduplessis/Library/Android/sdk/ndk/21.4.7075529/toolchains/llvm/prebuilt/darwin-x86_64/sysroot/usr/lib] ==> [/Users/janicduplessis/Library/Android/sdk/ndk/21.4.7075529/toolchains/llvm/prebuilt/darwin-x86_64/sysroot/usr/lib]
  implicit libs: [gcc;dl;c;gcc;dl]
  implicit dirs: [/Users/janicduplessis/Library/Android/sdk/ndk/21.4.7075529/toolchains/llvm/prebuilt/darwin-x86_64/lib64/clang/9.0.9/lib/linux/x86_64;/Users/janicduplessis/Library/Android/sdk/ndk/21.4.7075529/toolchains/llvm/prebuilt/darwin-x86_64/lib/gcc/x86_64-linux-android/4.9.x;/Users/janicduplessis/Library/Android/sdk/ndk/21.4.7075529/toolchains/llvm/prebuilt/darwin-x86_64/x86_64-linux-android/lib64;/Users/janicduplessis/Library/Android/sdk/ndk/21.4.7075529/toolchains/llvm/prebuilt/darwin-x86_64/sysroot/usr/lib/x86_64-linux-android/21;/Users/janicduplessis/Library/Android/sdk/ndk/21.4.7075529/toolchains/llvm/prebuilt/darwin-x86_64/sysroot/usr/lib/x86_64-linux-android;/Users/janicduplessis/Library/Android/sdk/ndk/21.4.7075529/toolchains/llvm/prebuilt/darwin-x86_64/x86_64-linux-android/lib;/Users/janicduplessis/Library/Android/sdk/ndk/21.4.7075529/toolchains/llvm/prebuilt/darwin-x86_64/sysroot/usr/lib]
  implicit fwks: []




Detecting C [-std=c11] compiler features compiled with the following output:
Change Dir: /Users/janicduplessis/Developer/react-native/ReactAndroid/hermes-engine/.cxx/MinSizeRel/1g696kf7/x86_64/CMakeFiles/CMakeTmp

Run Build Command:"/Users/janicduplessis/Library/Android/sdk/cmake/3.10.2.4988404/bin/ninja" "cmTC_92757"
[1/2] Building C object CMakeFiles/cmTC_92757.dir/feature_tests.c.o
[2/2] Linking C executable cmTC_92757


    Feature record: C_FEATURE:1c_function_prototypes
    Feature record: C_FEATURE:1c_restrict
    Feature record: C_FEATURE:1c_static_assert
    Feature record: C_FEATURE:1c_variadic_macros


Detecting C [-std=c99] compiler features compiled with the following output:
Change Dir: /Users/janicduplessis/Developer/react-native/ReactAndroid/hermes-engine/.cxx/MinSizeRel/1g696kf7/x86_64/CMakeFiles/CMakeTmp

Run Build Command:"/Users/janicduplessis/Library/Android/sdk/cmake/3.10.2.4988404/bin/ninja" "cmTC_4c91f"
[1/2] Building C object CMakeFiles/cmTC_4c91f.dir/feature_tests.c.o
[2/2] Linking C executable cmTC_4c91f


    Feature record: C_FEATURE:1c_function_prototypes
    Feature record: C_FEATURE:1c_restrict
    Feature record: C_FEATURE:0c_static_assert
    Feature record: C_FEATURE:1c_variadic_macros


Detecting C [-std=c90] compiler features compiled with the following output:
Change Dir: /Users/janicduplessis/Developer/react-native/ReactAndroid/hermes-engine/.cxx/MinSizeRel/1g696kf7/x86_64/CMakeFiles/CMakeTmp

Run Build Command:"/Users/janicduplessis/Library/Android/sdk/cmake/3.10.2.4988404/bin/ninja" "cmTC_9001d"
[1/2] Building C object CMakeFiles/cmTC_9001d.dir/feature_tests.c.o
[2/2] Linking C executable cmTC_9001d


    Feature record: C_FEATURE:1c_function_prototypes
    Feature record: C_FEATURE:0c_restrict
    Feature record: C_FEATURE:0c_static_assert
    Feature record: C_FEATURE:0c_variadic_macros
Determining if the CXX compiler works passed with the following output:
Change Dir: /Users/janicduplessis/Developer/react-native/ReactAndroid/hermes-engine/.cxx/MinSizeRel/1g696kf7/x86_64/CMakeFiles/CMakeTmp

Run Build Command:"/Users/janicduplessis/Library/Android/sdk/cmake/3.10.2.4988404/bin/ninja" "cmTC_9ec79"
[1/2] Building CXX object CMakeFiles/cmTC_9ec79.dir/testCXXCompiler.cxx.o
[2/2] Linking CXX executable cmTC_9ec79


Detecting CXX compiler ABI info compiled with the following output:
Change Dir: /Users/janicduplessis/Developer/react-native/ReactAndroid/hermes-engine/.cxx/MinSizeRel/1g696kf7/x86_64/CMakeFiles/CMakeTmp

Run Build Command:"/Users/janicduplessis/Library/Android/sdk/cmake/3.10.2.4988404/bin/ninja" "cmTC_82c01"
[1/2] Building CXX object CMakeFiles/cmTC_82c01.dir/CMakeCXXCompilerABI.cpp.o
[2/2] Linking CXX executable cmTC_82c01
Android (7019983 based on r365631c3) clang version 9.0.9 (https://android.googlesource.com/toolchain/llvm-project a2a1e703c0edb03ba29944e529ccbf457742737b) (based on LLVM 9.0.9svn)
Target: x86_64-none-linux-android21
Thread model: posix
InstalledDir: /Users/janicduplessis/Library/Android/sdk/ndk/21.4.7075529/toolchains/llvm/prebuilt/darwin-x86_64/bin
Found candidate GCC installation: /Users/janicduplessis/Library/Android/sdk/ndk/21.4.7075529/toolchains/llvm/prebuilt/darwin-x86_64/lib/gcc/i686-linux-android/4.9.x
Found candidate GCC installation: /Users/janicduplessis/Library/Android/sdk/ndk/21.4.7075529/toolchains/llvm/prebuilt/darwin-x86_64/lib/gcc/x86_64-linux-android/4.9.x
Selected GCC installation: /Users/janicduplessis/Library/Android/sdk/ndk/21.4.7075529/toolchains/llvm/prebuilt/darwin-x86_64/lib/gcc/x86_64-linux-android/4.9.x
Candidate multilib: .;@m64
Selected multilib: .;@m64
 "/Users/janicduplessis/Library/Android/sdk/ndk/21.4.7075529/toolchains/llvm/prebuilt/darwin-x86_64/lib/gcc/x86_64-linux-android/4.9.x/../../../../x86_64-linux-android/bin/ld" --sysroot=/Users/janicduplessis/Library/Android/sdk/ndk/21.4.7075529/toolchains/llvm/prebuilt/darwin-x86_64/sysroot -pie -z noexecstack --warn-shared-textrel -z now -z relro --hash-style=both --enable-new-dtags --eh-frame-hdr -m elf_x86_64 -dynamic-linker /system/bin/linker64 -o cmTC_82c01 /Users/janicduplessis/Library/Android/sdk/ndk/21.4.7075529/toolchains/llvm/prebuilt/darwin-x86_64/sysroot/usr/lib/x86_64-linux-android/21/crtbegin_dynamic.o -L/Users/janicduplessis/Library/Android/sdk/ndk/21.4.7075529/toolchains/llvm/prebuilt/darwin-x86_64/lib64/clang/9.0.9/lib/linux/x86_64 -L/Users/janicduplessis/Library/Android/sdk/ndk/21.4.7075529/toolchains/llvm/prebuilt/darwin-x86_64/lib/gcc/x86_64-linux-android/4.9.x -L/Users/janicduplessis/Library/Android/sdk/ndk/21.4.7075529/toolchains/llvm/prebuilt/darwin-x86_64/lib/gcc/x86_64-linux-android/4.9.x/../../../../x86_64-linux-android/lib/../lib64 -L/Users/janicduplessis/Library/Android/sdk/ndk/21.4.7075529/toolchains/llvm/prebuilt/darwin-x86_64/sysroot/usr/lib/x86_64-linux-android/21 -L/Users/janicduplessis/Library/Android/sdk/ndk/21.4.7075529/toolchains/llvm/prebuilt/darwin-x86_64/sysroot/usr/lib/x86_64-linux-android -L/Users/janicduplessis/Library/Android/sdk/ndk/21.4.7075529/toolchains/llvm/prebuilt/darwin-x86_64/lib/gcc/x86_64-linux-android/4.9.x/../../../../x86_64-linux-android/lib -L/Users/janicduplessis/Library/Android/sdk/ndk/21.4.7075529/toolchains/llvm/prebuilt/darwin-x86_64/sysroot/usr/lib --exclude-libs libgcc.a --exclude-libs libgcc_real.a --exclude-libs libatomic.a --build-id --fatal-warnings --no-undefined --gc-sections CMakeFiles/cmTC_82c01.dir/CMakeCXXCompilerABI.cpp.o -lc++ -lm -lgcc -ldl -lc -lgcc -ldl /Users/janicduplessis/Library/Android/sdk/ndk/21.4.7075529/toolchains/llvm/prebuilt/darwin-x86_64/sysroot/usr/lib/x86_64-linux-android/21/crtend_android.o


Parsed CXX implicit link information from above output:
  link line regex: [^( *|.*[/\])(x86_64-linux-android-ld|CMAKE_LINK_STARTFILE-NOTFOUND|([^/\]+-)?ld|collect2)[^/\]*( |$)]
  ignore line: [Change Dir: /Users/janicduplessis/Developer/react-native/ReactAndroid/hermes-engine/.cxx/MinSizeRel/1g696kf7/x86_64/CMakeFiles/CMakeTmp]
  ignore line: []
  ignore line: [Run Build Command:"/Users/janicduplessis/Library/Android/sdk/cmake/3.10.2.4988404/bin/ninja" "cmTC_82c01"]
  ignore line: [[1/2] Building CXX object CMakeFiles/cmTC_82c01.dir/CMakeCXXCompilerABI.cpp.o]
  ignore line: [[2/2] Linking CXX executable cmTC_82c01]
  ignore line: [Android (7019983 based on r365631c3) clang version 9.0.9 (https://android.googlesource.com/toolchain/llvm-project a2a1e703c0edb03ba29944e529ccbf457742737b) (based on LLVM 9.0.9svn)]
  ignore line: [Target: x86_64-none-linux-android21]
  ignore line: [Thread model: posix]
  ignore line: [InstalledDir: /Users/janicduplessis/Library/Android/sdk/ndk/21.4.7075529/toolchains/llvm/prebuilt/darwin-x86_64/bin]
  ignore line: [Found candidate GCC installation: /Users/janicduplessis/Library/Android/sdk/ndk/21.4.7075529/toolchains/llvm/prebuilt/darwin-x86_64/lib/gcc/i686-linux-android/4.9.x]
  ignore line: [Found candidate GCC installation: /Users/janicduplessis/Library/Android/sdk/ndk/21.4.7075529/toolchains/llvm/prebuilt/darwin-x86_64/lib/gcc/x86_64-linux-android/4.9.x]
  ignore line: [Selected GCC installation: /Users/janicduplessis/Library/Android/sdk/ndk/21.4.7075529/toolchains/llvm/prebuilt/darwin-x86_64/lib/gcc/x86_64-linux-android/4.9.x]
  ignore line: [Candidate multilib: .]
  ignore line: [@m64]
  ignore line: [Selected multilib: .]
  ignore line: [@m64]
  link line: [ "/Users/janicduplessis/Library/Android/sdk/ndk/21.4.7075529/toolchains/llvm/prebuilt/darwin-x86_64/lib/gcc/x86_64-linux-android/4.9.x/../../../../x86_64-linux-android/bin/ld" --sysroot=/Users/janicduplessis/Library/Android/sdk/ndk/21.4.7075529/toolchains/llvm/prebuilt/darwin-x86_64/sysroot -pie -z noexecstack --warn-shared-textrel -z now -z relro --hash-style=both --enable-new-dtags --eh-frame-hdr -m elf_x86_64 -dynamic-linker /system/bin/linker64 -o cmTC_82c01 /Users/janicduplessis/Library/Android/sdk/ndk/21.4.7075529/toolchains/llvm/prebuilt/darwin-x86_64/sysroot/usr/lib/x86_64-linux-android/21/crtbegin_dynamic.o -L/Users/janicduplessis/Library/Android/sdk/ndk/21.4.7075529/toolchains/llvm/prebuilt/darwin-x86_64/lib64/clang/9.0.9/lib/linux/x86_64 -L/Users/janicduplessis/Library/Android/sdk/ndk/21.4.7075529/toolchains/llvm/prebuilt/darwin-x86_64/lib/gcc/x86_64-linux-android/4.9.x -L/Users/janicduplessis/Library/Android/sdk/ndk/21.4.7075529/toolchains/llvm/prebuilt/darwin-x86_64/lib/gcc/x86_64-linux-android/4.9.x/../../../../x86_64-linux-android/lib/../lib64 -L/Users/janicduplessis/Library/Android/sdk/ndk/21.4.7075529/toolchains/llvm/prebuilt/darwin-x86_64/sysroot/usr/lib/x86_64-linux-android/21 -L/Users/janicduplessis/Library/Android/sdk/ndk/21.4.7075529/toolchains/llvm/prebuilt/darwin-x86_64/sysroot/usr/lib/x86_64-linux-android -L/Users/janicduplessis/Library/Android/sdk/ndk/21.4.7075529/toolchains/llvm/prebuilt/darwin-x86_64/lib/gcc/x86_64-linux-android/4.9.x/../../../../x86_64-linux-android/lib -L/Users/janicduplessis/Library/Android/sdk/ndk/21.4.7075529/toolchains/llvm/prebuilt/darwin-x86_64/sysroot/usr/lib --exclude-libs libgcc.a --exclude-libs libgcc_real.a --exclude-libs libatomic.a --build-id --fatal-warnings --no-undefined --gc-sections CMakeFiles/cmTC_82c01.dir/CMakeCXXCompilerABI.cpp.o -lc++ -lm -lgcc -ldl -lc -lgcc -ldl /Users/janicduplessis/Library/Android/sdk/ndk/21.4.7075529/toolchains/llvm/prebuilt/darwin-x86_64/sysroot/usr/lib/x86_64-linux-android/21/crtend_android.o]
    arg [/Users/janicduplessis/Library/Android/sdk/ndk/21.4.7075529/toolchains/llvm/prebuilt/darwin-x86_64/lib/gcc/x86_64-linux-android/4.9.x/../../../../x86_64-linux-android/bin/ld] ==> ignore
    arg [--sysroot=/Users/janicduplessis/Library/Android/sdk/ndk/21.4.7075529/toolchains/llvm/prebuilt/darwin-x86_64/sysroot] ==> ignore
    arg [-pie] ==> ignore
    arg [-znoexecstack] ==> ignore
    arg [--warn-shared-textrel] ==> ignore
    arg [-znow] ==> ignore
    arg [-zrelro] ==> ignore
    arg [--hash-style=both] ==> ignore
    arg [--enable-new-dtags] ==> ignore
    arg [--eh-frame-hdr] ==> ignore
    arg [-m] ==> ignore
    arg [elf_x86_64] ==> ignore
    arg [-dynamic-linker] ==> ignore
    arg [/system/bin/linker64] ==> ignore
    arg [-o] ==> ignore
    arg [cmTC_82c01] ==> ignore
    arg [/Users/janicduplessis/Library/Android/sdk/ndk/21.4.7075529/toolchains/llvm/prebuilt/darwin-x86_64/sysroot/usr/lib/x86_64-linux-android/21/crtbegin_dynamic.o] ==> ignore
    arg [-L/Users/janicduplessis/Library/Android/sdk/ndk/21.4.7075529/toolchains/llvm/prebuilt/darwin-x86_64/lib64/clang/9.0.9/lib/linux/x86_64] ==> dir [/Users/janicduplessis/Library/Android/sdk/ndk/21.4.7075529/toolchains/llvm/prebuilt/darwin-x86_64/lib64/clang/9.0.9/lib/linux/x86_64]
    arg [-L/Users/janicduplessis/Library/Android/sdk/ndk/21.4.7075529/toolchains/llvm/prebuilt/darwin-x86_64/lib/gcc/x86_64-linux-android/4.9.x] ==> dir [/Users/janicduplessis/Library/Android/sdk/ndk/21.4.7075529/toolchains/llvm/prebuilt/darwin-x86_64/lib/gcc/x86_64-linux-android/4.9.x]
    arg [-L/Users/janicduplessis/Library/Android/sdk/ndk/21.4.7075529/toolchains/llvm/prebuilt/darwin-x86_64/lib/gcc/x86_64-linux-android/4.9.x/../../../../x86_64-linux-android/lib/../lib64] ==> dir [/Users/janicduplessis/Library/Android/sdk/ndk/21.4.7075529/toolchains/llvm/prebuilt/darwin-x86_64/lib/gcc/x86_64-linux-android/4.9.x/../../../../x86_64-linux-android/lib/../lib64]
    arg [-L/Users/janicduplessis/Library/Android/sdk/ndk/21.4.7075529/toolchains/llvm/prebuilt/darwin-x86_64/sysroot/usr/lib/x86_64-linux-android/21] ==> dir [/Users/janicduplessis/Library/Android/sdk/ndk/21.4.7075529/toolchains/llvm/prebuilt/darwin-x86_64/sysroot/usr/lib/x86_64-linux-android/21]
    arg [-L/Users/janicduplessis/Library/Android/sdk/ndk/21.4.7075529/toolchains/llvm/prebuilt/darwin-x86_64/sysroot/usr/lib/x86_64-linux-android] ==> dir [/Users/janicduplessis/Library/Android/sdk/ndk/21.4.7075529/toolchains/llvm/prebuilt/darwin-x86_64/sysroot/usr/lib/x86_64-linux-android]
    arg [-L/Users/janicduplessis/Library/Android/sdk/ndk/21.4.7075529/toolchains/llvm/prebuilt/darwin-x86_64/lib/gcc/x86_64-linux-android/4.9.x/../../../../x86_64-linux-android/lib] ==> dir [/Users/janicduplessis/Library/Android/sdk/ndk/21.4.7075529/toolchains/llvm/prebuilt/darwin-x86_64/lib/gcc/x86_64-linux-android/4.9.x/../../../../x86_64-linux-android/lib]
    arg [-L/Users/janicduplessis/Library/Android/sdk/ndk/21.4.7075529/toolchains/llvm/prebuilt/darwin-x86_64/sysroot/usr/lib] ==> dir [/Users/janicduplessis/Library/Android/sdk/ndk/21.4.7075529/toolchains/llvm/prebuilt/darwin-x86_64/sysroot/usr/lib]
    arg [--exclude-libs] ==> ignore
    arg [libgcc.a] ==> ignore
    arg [--exclude-libs] ==> ignore
    arg [libgcc_real.a] ==> ignore
    arg [--exclude-libs] ==> ignore
    arg [libatomic.a] ==> ignore
    arg [--build-id] ==> ignore
    arg [--fatal-warnings] ==> ignore
    arg [--no-undefined] ==> ignore
    arg [--gc-sections] ==> ignore
    arg [CMakeFiles/cmTC_82c01.dir/CMakeCXXCompilerABI.cpp.o] ==> ignore
    arg [-lc++] ==> lib [c++]
    arg [-lm] ==> lib [m]
    arg [-lgcc] ==> lib [gcc]
    arg [-ldl] ==> lib [dl]
    arg [-lc] ==> lib [c]
    arg [-lgcc] ==> lib [gcc]
    arg [-ldl] ==> lib [dl]
    arg [/Users/janicduplessis/Library/Android/sdk/ndk/21.4.7075529/toolchains/llvm/prebuilt/darwin-x86_64/sysroot/usr/lib/x86_64-linux-android/21/crtend_android.o] ==> ignore
  collapse library dir [/Users/janicduplessis/Library/Android/sdk/ndk/21.4.7075529/toolchains/llvm/prebuilt/darwin-x86_64/lib64/clang/9.0.9/lib/linux/x86_64] ==> [/Users/janicduplessis/Library/Android/sdk/ndk/21.4.7075529/toolchains/llvm/prebuilt/darwin-x86_64/lib64/clang/9.0.9/lib/linux/x86_64]
  collapse library dir [/Users/janicduplessis/Library/Android/sdk/ndk/21.4.7075529/toolchains/llvm/prebuilt/darwin-x86_64/lib/gcc/x86_64-linux-android/4.9.x] ==> [/Users/janicduplessis/Library/Android/sdk/ndk/21.4.7075529/toolchains/llvm/prebuilt/darwin-x86_64/lib/gcc/x86_64-linux-android/4.9.x]
  collapse library dir [/Users/janicduplessis/Library/Android/sdk/ndk/21.4.7075529/toolchains/llvm/prebuilt/darwin-x86_64/lib/gcc/x86_64-linux-android/4.9.x/../../../../x86_64-linux-android/lib/../lib64] ==> [/Users/janicduplessis/Library/Android/sdk/ndk/21.4.7075529/toolchains/llvm/prebuilt/darwin-x86_64/x86_64-linux-android/lib64]
  collapse library dir [/Users/janicduplessis/Library/Android/sdk/ndk/21.4.7075529/toolchains/llvm/prebuilt/darwin-x86_64/sysroot/usr/lib/x86_64-linux-android/21] ==> [/Users/janicduplessis/Library/Android/sdk/ndk/21.4.7075529/toolchains/llvm/prebuilt/darwin-x86_64/sysroot/usr/lib/x86_64-linux-android/21]
  collapse library dir [/Users/janicduplessis/Library/Android/sdk/ndk/21.4.7075529/toolchains/llvm/prebuilt/darwin-x86_64/sysroot/usr/lib/x86_64-linux-android] ==> [/Users/janicduplessis/Library/Android/sdk/ndk/21.4.7075529/toolchains/llvm/prebuilt/darwin-x86_64/sysroot/usr/lib/x86_64-linux-android]
  collapse library dir [/Users/janicduplessis/Library/Android/sdk/ndk/21.4.7075529/toolchains/llvm/prebuilt/darwin-x86_64/lib/gcc/x86_64-linux-android/4.9.x/../../../../x86_64-linux-android/lib] ==> [/Users/janicduplessis/Library/Android/sdk/ndk/21.4.7075529/toolchains/llvm/prebuilt/darwin-x86_64/x86_64-linux-android/lib]
  collapse library dir [/Users/janicduplessis/Library/Android/sdk/ndk/21.4.7075529/toolchains/llvm/prebuilt/darwin-x86_64/sysroot/usr/lib] ==> [/Users/janicduplessis/Library/Android/sdk/ndk/21.4.7075529/toolchains/llvm/prebuilt/darwin-x86_64/sysroot/usr/lib]
  implicit libs: [c++;m;gcc;dl;c;gcc;dl]
  implicit dirs: [/Users/janicduplessis/Library/Android/sdk/ndk/21.4.7075529/toolchains/llvm/prebuilt/darwin-x86_64/lib64/clang/9.0.9/lib/linux/x86_64;/Users/janicduplessis/Library/Android/sdk/ndk/21.4.7075529/toolchains/llvm/prebuilt/darwin-x86_64/lib/gcc/x86_64-linux-android/4.9.x;/Users/janicduplessis/Library/Android/sdk/ndk/21.4.7075529/toolchains/llvm/prebuilt/darwin-x86_64/x86_64-linux-android/lib64;/Users/janicduplessis/Library/Android/sdk/ndk/21.4.7075529/toolchains/llvm/prebuilt/darwin-x86_64/sysroot/usr/lib/x86_64-linux-android/21;/Users/janicduplessis/Library/Android/sdk/ndk/21.4.7075529/toolchains/llvm/prebuilt/darwin-x86_64/sysroot/usr/lib/x86_64-linux-android;/Users/janicduplessis/Library/Android/sdk/ndk/21.4.7075529/toolchains/llvm/prebuilt/darwin-x86_64/x86_64-linux-android/lib;/Users/janicduplessis/Library/Android/sdk/ndk/21.4.7075529/toolchains/llvm/prebuilt/darwin-x86_64/sysroot/usr/lib]
  implicit fwks: []




Detecting CXX [-std=c++1z] compiler features compiled with the following output:
Change Dir: /Users/janicduplessis/Developer/react-native/ReactAndroid/hermes-engine/.cxx/MinSizeRel/1g696kf7/x86_64/CMakeFiles/CMakeTmp

Run Build Command:"/Users/janicduplessis/Library/Android/sdk/cmake/3.10.2.4988404/bin/ninja" "cmTC_4346e"
[1/2] Building CXX object CMakeFiles/cmTC_4346e.dir/feature_tests.cxx.o
[2/2] Linking CXX executable cmTC_4346e


    Feature record: CXX_FEATURE:1cxx_aggregate_default_initializers
    Feature record: CXX_FEATURE:1cxx_alias_templates
    Feature record: CXX_FEATURE:1cxx_alignas
    Feature record: CXX_FEATURE:1cxx_alignof
    Feature record: CXX_FEATURE:1cxx_attributes
    Feature record: CXX_FEATURE:1cxx_attribute_deprecated
    Feature record: CXX_FEATURE:1cxx_auto_type
    Feature record: CXX_FEATURE:1cxx_binary_literals
    Feature record: CXX_FEATURE:1cxx_constexpr
    Feature record: CXX_FEATURE:1cxx_contextual_conversions
    Feature record: CXX_FEATURE:1cxx_decltype
    Feature record: CXX_FEATURE:1cxx_decltype_auto
    Feature record: CXX_FEATURE:1cxx_decltype_incomplete_return_types
    Feature record: CXX_FEATURE:1cxx_default_function_template_args
    Feature record: CXX_FEATURE:1cxx_defaulted_functions
    Feature record: CXX_FEATURE:1cxx_defaulted_move_initializers
    Feature record: CXX_FEATURE:1cxx_delegating_constructors
    Feature record: CXX_FEATURE:1cxx_deleted_functions
    Feature record: CXX_FEATURE:1cxx_digit_separators
    Feature record: CXX_FEATURE:1cxx_enum_forward_declarations
    Feature record: CXX_FEATURE:1cxx_explicit_conversions
    Feature record: CXX_FEATURE:1cxx_extended_friend_declarations
    Feature record: CXX_FEATURE:1cxx_extern_templates
    Feature record: CXX_FEATURE:1cxx_final
    Feature record: CXX_FEATURE:1cxx_func_identifier
    Feature record: CXX_FEATURE:1cxx_generalized_initializers
    Feature record: CXX_FEATURE:1cxx_generic_lambdas
    Feature record: CXX_FEATURE:1cxx_inheriting_constructors
    Feature record: CXX_FEATURE:1cxx_inline_namespaces
    Feature record: CXX_FEATURE:1cxx_lambdas
    Feature record: CXX_FEATURE:1cxx_lambda_init_captures
    Feature record: CXX_FEATURE:1cxx_local_type_template_args
    Feature record: CXX_FEATURE:1cxx_long_long_type
    Feature record: CXX_FEATURE:1cxx_noexcept
    Feature record: CXX_FEATURE:1cxx_nonstatic_member_init
    Feature record: CXX_FEATURE:1cxx_nullptr
    Feature record: CXX_FEATURE:1cxx_override
    Feature record: CXX_FEATURE:1cxx_range_for
    Feature record: CXX_FEATURE:1cxx_raw_string_literals
    Feature record: CXX_FEATURE:1cxx_reference_qualified_functions
    Feature record: CXX_FEATURE:1cxx_relaxed_constexpr
    Feature record: CXX_FEATURE:1cxx_return_type_deduction
    Feature record: CXX_FEATURE:1cxx_right_angle_brackets
    Feature record: CXX_FEATURE:1cxx_rvalue_references
    Feature record: CXX_FEATURE:1cxx_sizeof_member
    Feature record: CXX_FEATURE:1cxx_static_assert
    Feature record: CXX_FEATURE:1cxx_strong_enums
    Feature record: CXX_FEATURE:1cxx_template_template_parameters
    Feature record: CXX_FEATURE:1cxx_thread_local
    Feature record: CXX_FEATURE:1cxx_trailing_return_types
    Feature record: CXX_FEATURE:1cxx_unicode_literals
    Feature record: CXX_FEATURE:1cxx_uniform_initialization
    Feature record: CXX_FEATURE:1cxx_unrestricted_unions
    Feature record: CXX_FEATURE:1cxx_user_literals
    Feature record: CXX_FEATURE:1cxx_variable_templates
    Feature record: CXX_FEATURE:1cxx_variadic_macros
    Feature record: CXX_FEATURE:1cxx_variadic_templates


Detecting CXX [-std=c++14] compiler features compiled with the following output:
Change Dir: /Users/janicduplessis/Developer/react-native/ReactAndroid/hermes-engine/.cxx/MinSizeRel/1g696kf7/x86_64/CMakeFiles/CMakeTmp

Run Build Command:"/Users/janicduplessis/Library/Android/sdk/cmake/3.10.2.4988404/bin/ninja" "cmTC_bfb52"
[1/2] Building CXX object CMakeFiles/cmTC_bfb52.dir/feature_tests.cxx.o
[2/2] Linking CXX executable cmTC_bfb52


    Feature record: CXX_FEATURE:1cxx_aggregate_default_initializers
    Feature record: CXX_FEATURE:1cxx_alias_templates
    Feature record: CXX_FEATURE:1cxx_alignas
    Feature record: CXX_FEATURE:1cxx_alignof
    Feature record: CXX_FEATURE:1cxx_attributes
    Feature record: CXX_FEATURE:1cxx_attribute_deprecated
    Feature record: CXX_FEATURE:1cxx_auto_type
    Feature record: CXX_FEATURE:1cxx_binary_literals
    Feature record: CXX_FEATURE:1cxx_constexpr
    Feature record: CXX_FEATURE:1cxx_contextual_conversions
    Feature record: CXX_FEATURE:1cxx_decltype
    Feature record: CXX_FEATURE:1cxx_decltype_auto
    Feature record: CXX_FEATURE:1cxx_decltype_incomplete_return_types
    Feature record: CXX_FEATURE:1cxx_default_function_template_args
    Feature record: CXX_FEATURE:1cxx_defaulted_functions
    Feature record: CXX_FEATURE:1cxx_defaulted_move_initializers
    Feature record: CXX_FEATURE:1cxx_delegating_constructors
    Feature record: CXX_FEATURE:1cxx_deleted_functions
    Feature record: CXX_FEATURE:1cxx_digit_separators
    Feature record: CXX_FEATURE:1cxx_enum_forward_declarations
    Feature record: CXX_FEATURE:1cxx_explicit_conversions
    Feature record: CXX_FEATURE:1cxx_extended_friend_declarations
    Feature record: CXX_FEATURE:1cxx_extern_templates
    Feature record: CXX_FEATURE:1cxx_final
    Feature record: CXX_FEATURE:1cxx_func_identifier
    Feature record: CXX_FEATURE:1cxx_generalized_initializers
    Feature record: CXX_FEATURE:1cxx_generic_lambdas
    Feature record: CXX_FEATURE:1cxx_inheriting_constructors
    Feature record: CXX_FEATURE:1cxx_inline_namespaces
    Feature record: CXX_FEATURE:1cxx_lambdas
    Feature record: CXX_FEATURE:1cxx_lambda_init_captures
    Feature record: CXX_FEATURE:1cxx_local_type_template_args
    Feature record: CXX_FEATURE:1cxx_long_long_type
    Feature record: CXX_FEATURE:1cxx_noexcept
    Feature record: CXX_FEATURE:1cxx_nonstatic_member_init
    Feature record: CXX_FEATURE:1cxx_nullptr
    Feature record: CXX_FEATURE:1cxx_override
    Feature record: CXX_FEATURE:1cxx_range_for
    Feature record: CXX_FEATURE:1cxx_raw_string_literals
    Feature record: CXX_FEATURE:1cxx_reference_qualified_functions
    Feature record: CXX_FEATURE:1cxx_relaxed_constexpr
    Feature record: CXX_FEATURE:1cxx_return_type_deduction
    Feature record: CXX_FEATURE:1cxx_right_angle_brackets
    Feature record: CXX_FEATURE:1cxx_rvalue_references
    Feature record: CXX_FEATURE:1cxx_sizeof_member
    Feature record: CXX_FEATURE:1cxx_static_assert
    Feature record: CXX_FEATURE:1cxx_strong_enums
    Feature record: CXX_FEATURE:1cxx_template_template_parameters
    Feature record: CXX_FEATURE:1cxx_thread_local
    Feature record: CXX_FEATURE:1cxx_trailing_return_types
    Feature record: CXX_FEATURE:1cxx_unicode_literals
    Feature record: CXX_FEATURE:1cxx_uniform_initialization
    Feature record: CXX_FEATURE:1cxx_unrestricted_unions
    Feature record: CXX_FEATURE:1cxx_user_literals
    Feature record: CXX_FEATURE:1cxx_variable_templates
    Feature record: CXX_FEATURE:1cxx_variadic_macros
    Feature record: CXX_FEATURE:1cxx_variadic_templates


Detecting CXX [-std=c++11] compiler features compiled with the following output:
Change Dir: /Users/janicduplessis/Developer/react-native/ReactAndroid/hermes-engine/.cxx/MinSizeRel/1g696kf7/x86_64/CMakeFiles/CMakeTmp

Run Build Command:"/Users/janicduplessis/Library/Android/sdk/cmake/3.10.2.4988404/bin/ninja" "cmTC_ac7bf"
[1/2] Building CXX object CMakeFiles/cmTC_ac7bf.dir/feature_tests.cxx.o
[2/2] Linking CXX executable cmTC_ac7bf


    Feature record: CXX_FEATURE:0cxx_aggregate_default_initializers
    Feature record: CXX_FEATURE:1cxx_alias_templates
    Feature record: CXX_FEATURE:1cxx_alignas
    Feature record: CXX_FEATURE:1cxx_alignof
    Feature record: CXX_FEATURE:1cxx_attributes
    Feature record: CXX_FEATURE:0cxx_attribute_deprecated
    Feature record: CXX_FEATURE:1cxx_auto_type
    Feature record: CXX_FEATURE:0cxx_binary_literals
    Feature record: CXX_FEATURE:1cxx_constexpr
    Feature record: CXX_FEATURE:0cxx_contextual_conversions
    Feature record: CXX_FEATURE:1cxx_decltype
    Feature record: CXX_FEATURE:0cxx_decltype_auto
    Feature record: CXX_FEATURE:1cxx_decltype_incomplete_return_types
    Feature record: CXX_FEATURE:1cxx_default_function_template_args
    Feature record: CXX_FEATURE:1cxx_defaulted_functions
    Feature record: CXX_FEATURE:1cxx_defaulted_move_initializers
    Feature record: CXX_FEATURE:1cxx_delegating_constructors
    Feature record: CXX_FEATURE:1cxx_deleted_functions
    Feature record: CXX_FEATURE:0cxx_digit_separators
    Feature record: CXX_FEATURE:1cxx_enum_forward_declarations
    Feature record: CXX_FEATURE:1cxx_explicit_conversions
    Feature record: CXX_FEATURE:1cxx_extended_friend_declarations
    Feature record: CXX_FEATURE:1cxx_extern_templates
    Feature record: CXX_FEATURE:1cxx_final
    Feature record: CXX_FEATURE:1cxx_func_identifier
    Feature record: CXX_FEATURE:1cxx_generalized_initializers
    Feature record: CXX_FEATURE:0cxx_generic_lambdas
    Feature record: CXX_FEATURE:1cxx_inheriting_constructors
    Feature record: CXX_FEATURE:1cxx_inline_namespaces
    Feature record: CXX_FEATURE:1cxx_lambdas
    Feature record: CXX_FEATURE:0cxx_lambda_init_captures
    Feature record: CXX_FEATURE:1cxx_local_type_template_args
    Feature record: CXX_FEATURE:1cxx_long_long_type
    Feature record: CXX_FEATURE:1cxx_noexcept
    Feature record: CXX_FEATURE:1cxx_nonstatic_member_init
    Feature record: CXX_FEATURE:1cxx_nullptr
    Feature record: CXX_FEATURE:1cxx_override
    Feature record: CXX_FEATURE:1cxx_range_for
    Feature record: CXX_FEATURE:1cxx_raw_string_literals
    Feature record: CXX_FEATURE:1cxx_reference_qualified_functions
    Feature record: CXX_FEATURE:0cxx_relaxed_constexpr
    Feature record: CXX_FEATURE:0cxx_return_type_deduction
    Feature record: CXX_FEATURE:1cxx_right_angle_brackets
    Feature record: CXX_FEATURE:1cxx_rvalue_references
    Feature record: CXX_FEATURE:1cxx_sizeof_member
    Feature record: CXX_FEATURE:1cxx_static_assert
    Feature record: CXX_FEATURE:1cxx_strong_enums
    Feature record: CXX_FEATURE:1cxx_template_template_parameters
    Feature record: CXX_FEATURE:1cxx_thread_local
    Feature record: CXX_FEATURE:1cxx_trailing_return_types
    Feature record: CXX_FEATURE:1cxx_unicode_literals
    Feature record: CXX_FEATURE:1cxx_uniform_initialization
    Feature record: CXX_FEATURE:1cxx_unrestricted_unions
    Feature record: CXX_FEATURE:1cxx_user_literals
    Feature record: CXX_FEATURE:0cxx_variable_templates
    Feature record: CXX_FEATURE:1cxx_variadic_macros
    Feature record: CXX_FEATURE:1cxx_variadic_templates


Detecting CXX [-std=c++98] compiler features compiled with the following output:
Change Dir: /Users/janicduplessis/Developer/react-native/ReactAndroid/hermes-engine/.cxx/MinSizeRel/1g696kf7/x86_64/CMakeFiles/CMakeTmp

Run Build Command:"/Users/janicduplessis/Library/Android/sdk/cmake/3.10.2.4988404/bin/ninja" "cmTC_63c2e"
[1/2] Building CXX object CMakeFiles/cmTC_63c2e.dir/feature_tests.cxx.o
[2/2] Linking CXX executable cmTC_63c2e


    Feature record: CXX_FEATURE:0cxx_aggregate_default_initializers
    Feature record: CXX_FEATURE:0cxx_alias_templates
    Feature record: CXX_FEATURE:0cxx_alignas
    Feature record: CXX_FEATURE:0cxx_alignof
    Feature record: CXX_FEATURE:0cxx_attributes
    Feature record: CXX_FEATURE:0cxx_attribute_deprecated
    Feature record: CXX_FEATURE:0cxx_auto_type
    Feature record: CXX_FEATURE:0cxx_binary_literals
    Feature record: CXX_FEATURE:0cxx_constexpr
    Feature record: CXX_FEATURE:0cxx_contextual_conversions
    Feature record: CXX_FEATURE:0cxx_decltype
    Feature record: CXX_FEATURE:0cxx_decltype_auto
    Feature record: CXX_FEATURE:0cxx_decltype_incomplete_return_types
    Feature record: CXX_FEATURE:0cxx_default_function_template_args
    Feature record: CXX_FEATURE:0cxx_defaulted_functions
    Feature record: CXX_FEATURE:0cxx_defaulted_move_initializers
    Feature record: CXX_FEATURE:0cxx_delegating_constructors
    Feature record: CXX_FEATURE:0cxx_deleted_functions
    Feature record: CXX_FEATURE:0cxx_digit_separators
    Feature record: CXX_FEATURE:0cxx_enum_forward_declarations
    Feature record: CXX_FEATURE:0cxx_explicit_conversions
    Feature record: CXX_FEATURE:0cxx_extended_friend_declarations
    Feature record: CXX_FEATURE:0cxx_extern_templates
    Feature record: CXX_FEATURE:0cxx_final
    Feature record: CXX_FEATURE:0cxx_func_identifier
    Feature record: CXX_FEATURE:0cxx_generalized_initializers
    Feature record: CXX_FEATURE:0cxx_generic_lambdas
    Feature record: CXX_FEATURE:0cxx_inheriting_constructors
    Feature record: CXX_FEATURE:0cxx_inline_namespaces
    Feature record: CXX_FEATURE:0cxx_lambdas
    Feature record: CXX_FEATURE:0cxx_lambda_init_captures
    Feature record: CXX_FEATURE:0cxx_local_type_template_args
    Feature record: CXX_FEATURE:0cxx_long_long_type
    Feature record: CXX_FEATURE:0cxx_noexcept
    Feature record: CXX_FEATURE:0cxx_nonstatic_member_init
    Feature record: CXX_FEATURE:0cxx_nullptr
    Feature record: CXX_FEATURE:0cxx_override
    Feature record: CXX_FEATURE:0cxx_range_for
    Feature record: CXX_FEATURE:0cxx_raw_string_literals
    Feature record: CXX_FEATURE:0cxx_reference_qualified_functions
    Feature record: CXX_FEATURE:0cxx_relaxed_constexpr
    Feature record: CXX_FEATURE:0cxx_return_type_deduction
    Feature record: CXX_FEATURE:0cxx_right_angle_brackets
    Feature record: CXX_FEATURE:0cxx_rvalue_references
    Feature record: CXX_FEATURE:0cxx_sizeof_member
    Feature record: CXX_FEATURE:0cxx_static_assert
    Feature record: CXX_FEATURE:0cxx_strong_enums
    Feature record: CXX_FEATURE:1cxx_template_template_parameters
    Feature record: CXX_FEATURE:0cxx_thread_local
    Feature record: CXX_FEATURE:0cxx_trailing_return_types
    Feature record: CXX_FEATURE:0cxx_unicode_literals
    Feature record: CXX_FEATURE:0cxx_uniform_initialization
    Feature record: CXX_FEATURE:0cxx_unrestricted_unions
    Feature record: CXX_FEATURE:0cxx_user_literals
    Feature record: CXX_FEATURE:0cxx_variable_templates
    Feature record: CXX_FEATURE:0cxx_variadic_macros
    Feature record: CXX_FEATURE:0cxx_variadic_templates
Performing C++ SOURCE FILE Test CXX_SUPPORTS_MISSING_FIELD_INITIALIZERS_FLAG succeeded with the following output:
Change Dir: /Users/janicduplessis/Developer/react-native/ReactAndroid/hermes-engine/.cxx/MinSizeRel/1g696kf7/x86_64/CMakeFiles/CMakeTmp

Run Build Command:"/Users/janicduplessis/Library/Android/sdk/cmake/3.10.2.4988404/bin/ninja" "cmTC_35653"
[1/2] Building CXX object CMakeFiles/cmTC_35653.dir/src.cxx.o
[2/2] Linking CXX executable cmTC_35653

Source file was:
int main() { return 0; }
Performing C++ SOURCE FILE Test CXX_SUPPORTS_NOEXCEPT_TYPE_FLAG succeeded with the following output:
Change Dir: /Users/janicduplessis/Developer/react-native/ReactAndroid/hermes-engine/.cxx/MinSizeRel/1g696kf7/x86_64/CMakeFiles/CMakeTmp

Run Build Command:"/Users/janicduplessis/Library/Android/sdk/cmake/3.10.2.4988404/bin/ninja" "cmTC_44d3c"
[1/2] Building CXX object CMakeFiles/cmTC_44d3c.dir/src.cxx.o
[2/2] Linking CXX executable cmTC_44d3c

Source file was:
int main() { return 0; }
Performing C++ SOURCE FILE Test CXX_WONT_WARN_ON_FINAL_NONVIRTUALDTOR succeeded with the following output:
Change Dir: /Users/janicduplessis/Developer/react-native/ReactAndroid/hermes-engine/.cxx/MinSizeRel/1g696kf7/x86_64/CMakeFiles/CMakeTmp

Run Build Command:"/Users/janicduplessis/Library/Android/sdk/cmake/3.10.2.4988404/bin/ninja" "cmTC_8f686"
[1/2] Building CXX object CMakeFiles/cmTC_8f686.dir/src.cxx.o
[2/2] Linking CXX executable cmTC_8f686

Source file was:
class base {public: virtual void anchor();protected: ~base();};
                             class derived final : public base { public: ~derived();};
                             int main() { return 0; }
Performing C SOURCE FILE Test C_SUPPORTS_DELETE_NON_VIRTUAL_DTOR_FLAG succeeded with the following output:
Change Dir: /Users/janicduplessis/Developer/react-native/ReactAndroid/hermes-engine/.cxx/MinSizeRel/1g696kf7/x86_64/CMakeFiles/CMakeTmp

Run Build Command:"/Users/janicduplessis/Library/Android/sdk/cmake/3.10.2.4988404/bin/ninja" "cmTC_29af8"
[1/2] Building C object CMakeFiles/cmTC_29af8.dir/src.c.o
[2/2] Linking C executable cmTC_29af8

Source file was:
int main(void) { return 0; }
Performing C++ SOURCE FILE Test CXX_SUPPORTS_DELETE_NON_VIRTUAL_DTOR_FLAG succeeded with the following output:
Change Dir: /Users/janicduplessis/Developer/react-native/ReactAndroid/hermes-engine/.cxx/MinSizeRel/1g696kf7/x86_64/CMakeFiles/CMakeTmp

Run Build Command:"/Users/janicduplessis/Library/Android/sdk/cmake/3.10.2.4988404/bin/ninja" "cmTC_bc5b0"
[1/2] Building CXX object CMakeFiles/cmTC_bc5b0.dir/src.cxx.o
[2/2] Linking CXX executable cmTC_bc5b0

Source file was:
int main() { return 0; }
Performing C++ SOURCE FILE Test RANGE_ANALYSIS_FLAG succeeded with the following output:
Change Dir: /Users/janicduplessis/Developer/react-native/ReactAndroid/hermes-engine/.cxx/MinSizeRel/1g696kf7/x86_64/CMakeFiles/CMakeTmp

Run Build Command:"/Users/janicduplessis/Library/Android/sdk/cmake/3.10.2.4988404/bin/ninja" "cmTC_c1683"
[1/2] Building CXX object CMakeFiles/cmTC_c1683.dir/src.cxx.o
[2/2] Linking CXX executable cmTC_c1683

Source file was:
int main() { return 0; }
Performing C++ SOURCE FILE Test HAVE_COMPUTED_GOTO succeeded with the following output:
Change Dir: /Users/janicduplessis/Developer/react-native/ReactAndroid/hermes-engine/.cxx/MinSizeRel/1g696kf7/x86_64/CMakeFiles/CMakeTmp

Run Build Command:"/Users/janicduplessis/Library/Android/sdk/cmake/3.10.2.4988404/bin/ninja" "cmTC_052cf"
[1/2] Building CXX object CMakeFiles/cmTC_052cf.dir/src.cxx.o
[2/2] Linking CXX executable cmTC_052cf

Source file was:
int main() { void *p = &&label; goto *p; label: return 0; }
Performing C++ SOURCE FILE Test LLVM_NO_OLD_LIBSTDCXX succeeded with the following output:
Change Dir: /Users/janicduplessis/Developer/react-native/ReactAndroid/hermes-engine/.cxx/MinSizeRel/1g696kf7/x86_64/CMakeFiles/CMakeTmp

Run Build Command:"/Users/janicduplessis/Library/Android/sdk/cmake/3.10.2.4988404/bin/ninja" "cmTC_b79ce"
[1/2] Building CXX object CMakeFiles/cmTC_b79ce.dir/src.cxx.o
[2/2] Linking CXX executable cmTC_b79ce

Source file was:

#include <atomic>
std::atomic<float> x(0.0f);
int main() { return (float)x; }
Determining if the include file dlfcn.h exists passed with the following output:
Change Dir: /Users/janicduplessis/Developer/react-native/ReactAndroid/hermes-engine/.cxx/MinSizeRel/1g696kf7/x86_64/CMakeFiles/CMakeTmp

Run Build Command:"/Users/janicduplessis/Library/Android/sdk/cmake/3.10.2.4988404/bin/ninja" "cmTC_54a80"
[1/2] Building C object CMakeFiles/cmTC_54a80.dir/CheckIncludeFile.c.o
[2/2] Linking C executable cmTC_54a80


Determining if the include file errno.h exists passed with the following output:
Change Dir: /Users/janicduplessis/Developer/react-native/ReactAndroid/hermes-engine/.cxx/MinSizeRel/1g696kf7/x86_64/CMakeFiles/CMakeTmp

Run Build Command:"/Users/janicduplessis/Library/Android/sdk/cmake/3.10.2.4988404/bin/ninja" "cmTC_ab14f"
[1/2] Building C object CMakeFiles/cmTC_ab14f.dir/CheckIncludeFile.c.o
[2/2] Linking C executable cmTC_ab14f


Determining if the include file fcntl.h exists passed with the following output:
Change Dir: /Users/janicduplessis/Developer/react-native/ReactAndroid/hermes-engine/.cxx/MinSizeRel/1g696kf7/x86_64/CMakeFiles/CMakeTmp

Run Build Command:"/Users/janicduplessis/Library/Android/sdk/cmake/3.10.2.4988404/bin/ninja" "cmTC_3dbe6"
[1/2] Building C object CMakeFiles/cmTC_3dbe6.dir/CheckIncludeFile.c.o
[2/2] Linking C executable cmTC_3dbe6


Determining if the include file link.h exists passed with the following output:
Change Dir: /Users/janicduplessis/Developer/react-native/ReactAndroid/hermes-engine/.cxx/MinSizeRel/1g696kf7/x86_64/CMakeFiles/CMakeTmp

Run Build Command:"/Users/janicduplessis/Library/Android/sdk/cmake/3.10.2.4988404/bin/ninja" "cmTC_f367b"
[1/2] Building C object CMakeFiles/cmTC_f367b.dir/CheckIncludeFile.c.o
[2/2] Linking C executable cmTC_f367b


Determining if the include file malloc.h exists passed with the following output:
Change Dir: /Users/janicduplessis/Developer/react-native/ReactAndroid/hermes-engine/.cxx/MinSizeRel/1g696kf7/x86_64/CMakeFiles/CMakeTmp

Run Build Command:"/Users/janicduplessis/Library/Android/sdk/cmake/3.10.2.4988404/bin/ninja" "cmTC_1a0f6"
[1/2] Building C object CMakeFiles/cmTC_1a0f6.dir/CheckIncludeFile.c.o
[2/2] Linking C executable cmTC_1a0f6


Determining if the include file pthread.h exists passed with the following output:
Change Dir: /Users/janicduplessis/Developer/react-native/ReactAndroid/hermes-engine/.cxx/MinSizeRel/1g696kf7/x86_64/CMakeFiles/CMakeTmp

Run Build Command:"/Users/janicduplessis/Library/Android/sdk/cmake/3.10.2.4988404/bin/ninja" "cmTC_054fb"
[1/2] Building C object CMakeFiles/cmTC_054fb.dir/CheckIncludeFile.c.o
[2/2] Linking C executable cmTC_054fb


Determining if the include file signal.h exists passed with the following output:
Change Dir: /Users/janicduplessis/Developer/react-native/ReactAndroid/hermes-engine/.cxx/MinSizeRel/1g696kf7/x86_64/CMakeFiles/CMakeTmp

Run Build Command:"/Users/janicduplessis/Library/Android/sdk/cmake/3.10.2.4988404/bin/ninja" "cmTC_62e95"
[1/2] Building C object CMakeFiles/cmTC_62e95.dir/CheckIncludeFile.c.o
[2/2] Linking C executable cmTC_62e95


Determining if the include file sys/ioctl.h exists passed with the following output:
Change Dir: /Users/janicduplessis/Developer/react-native/ReactAndroid/hermes-engine/.cxx/MinSizeRel/1g696kf7/x86_64/CMakeFiles/CMakeTmp

Run Build Command:"/Users/janicduplessis/Library/Android/sdk/cmake/3.10.2.4988404/bin/ninja" "cmTC_5b392"
[1/2] Building C object CMakeFiles/cmTC_5b392.dir/CheckIncludeFile.c.o
[2/2] Linking C executable cmTC_5b392


Determining if the include file sys/mman.h exists passed with the following output:
Change Dir: /Users/janicduplessis/Developer/react-native/ReactAndroid/hermes-engine/.cxx/MinSizeRel/1g696kf7/x86_64/CMakeFiles/CMakeTmp

Run Build Command:"/Users/janicduplessis/Library/Android/sdk/cmake/3.10.2.4988404/bin/ninja" "cmTC_6007a"
[1/2] Building C object CMakeFiles/cmTC_6007a.dir/CheckIncludeFile.c.o
[2/2] Linking C executable cmTC_6007a


Determining if the include file sys/param.h exists passed with the following output:
Change Dir: /Users/janicduplessis/Developer/react-native/ReactAndroid/hermes-engine/.cxx/MinSizeRel/1g696kf7/x86_64/CMakeFiles/CMakeTmp

Run Build Command:"/Users/janicduplessis/Library/Android/sdk/cmake/3.10.2.4988404/bin/ninja" "cmTC_f5267"
[1/2] Building C object CMakeFiles/cmTC_f5267.dir/CheckIncludeFile.c.o
[2/2] Linking C executable cmTC_f5267


Determining if the include file sys/resource.h exists passed with the following output:
Change Dir: /Users/janicduplessis/Developer/react-native/ReactAndroid/hermes-engine/.cxx/MinSizeRel/1g696kf7/x86_64/CMakeFiles/CMakeTmp

Run Build Command:"/Users/janicduplessis/Library/Android/sdk/cmake/3.10.2.4988404/bin/ninja" "cmTC_9feae"
[1/2] Building C object CMakeFiles/cmTC_9feae.dir/CheckIncludeFile.c.o
[2/2] Linking C executable cmTC_9feae


Determining if the include file sys/stat.h exists passed with the following output:
Change Dir: /Users/janicduplessis/Developer/react-native/ReactAndroid/hermes-engine/.cxx/MinSizeRel/1g696kf7/x86_64/CMakeFiles/CMakeTmp

Run Build Command:"/Users/janicduplessis/Library/Android/sdk/cmake/3.10.2.4988404/bin/ninja" "cmTC_21d92"
[1/2] Building C object CMakeFiles/cmTC_21d92.dir/CheckIncludeFile.c.o
[2/2] Linking C executable cmTC_21d92


Determining if the include file sys/time.h exists passed with the following output:
Change Dir: /Users/janicduplessis/Developer/react-native/ReactAndroid/hermes-engine/.cxx/MinSizeRel/1g696kf7/x86_64/CMakeFiles/CMakeTmp

Run Build Command:"/Users/janicduplessis/Library/Android/sdk/cmake/3.10.2.4988404/bin/ninja" "cmTC_e1dde"
[1/2] Building C object CMakeFiles/cmTC_e1dde.dir/CheckIncludeFile.c.o
[2/2] Linking C executable cmTC_e1dde


Determining if the include file sys/types.h exists passed with the following output:
Change Dir: /Users/janicduplessis/Developer/react-native/ReactAndroid/hermes-engine/.cxx/MinSizeRel/1g696kf7/x86_64/CMakeFiles/CMakeTmp

Run Build Command:"/Users/janicduplessis/Library/Android/sdk/cmake/3.10.2.4988404/bin/ninja" "cmTC_c2807"
[1/2] Building C object CMakeFiles/cmTC_c2807.dir/CheckIncludeFile.c.o
[2/2] Linking C executable cmTC_c2807


Determining if the include file termios.h exists passed with the following output:
Change Dir: /Users/janicduplessis/Developer/react-native/ReactAndroid/hermes-engine/.cxx/MinSizeRel/1g696kf7/x86_64/CMakeFiles/CMakeTmp

Run Build Command:"/Users/janicduplessis/Library/Android/sdk/cmake/3.10.2.4988404/bin/ninja" "cmTC_2c2bc"
[1/2] Building C object CMakeFiles/cmTC_2c2bc.dir/CheckIncludeFile.c.o
[2/2] Linking C executable cmTC_2c2bc


Determining if the include file unistd.h exists passed with the following output:
Change Dir: /Users/janicduplessis/Developer/react-native/ReactAndroid/hermes-engine/.cxx/MinSizeRel/1g696kf7/x86_64/CMakeFiles/CMakeTmp

Run Build Command:"/Users/janicduplessis/Library/Android/sdk/cmake/3.10.2.4988404/bin/ninja" "cmTC_ca347"
[1/2] Building C object CMakeFiles/cmTC_ca347.dir/CheckIncludeFile.c.o
[2/2] Linking C executable cmTC_ca347


Determining if the include file zlib.h exists passed with the following output:
Change Dir: /Users/janicduplessis/Developer/react-native/ReactAndroid/hermes-engine/.cxx/MinSizeRel/1g696kf7/x86_64/CMakeFiles/CMakeTmp

Run Build Command:"/Users/janicduplessis/Library/Android/sdk/cmake/3.10.2.4988404/bin/ninja" "cmTC_368c0"
[1/2] Building C object CMakeFiles/cmTC_368c0.dir/CheckIncludeFile.c.o
[2/2] Linking C executable cmTC_368c0


Determining if the include file fenv.h exists passed with the following output:
Change Dir: /Users/janicduplessis/Developer/react-native/ReactAndroid/hermes-engine/.cxx/MinSizeRel/1g696kf7/x86_64/CMakeFiles/CMakeTmp

Run Build Command:"/Users/janicduplessis/Library/Android/sdk/cmake/3.10.2.4988404/bin/ninja" "cmTC_8378d"
[1/2] Building C object CMakeFiles/cmTC_8378d.dir/CheckIncludeFile.c.o
[2/2] Linking C executable cmTC_8378d


Determining if the FE_ALL_EXCEPT exist passed with the following output:
Change Dir: /Users/janicduplessis/Developer/react-native/ReactAndroid/hermes-engine/.cxx/MinSizeRel/1g696kf7/x86_64/CMakeFiles/CMakeTmp

Run Build Command:"/Users/janicduplessis/Library/Android/sdk/cmake/3.10.2.4988404/bin/ninja" "cmTC_37581"
[1/2] Building C object CMakeFiles/cmTC_37581.dir/CheckSymbolExists.c.o
[2/2] Linking C executable cmTC_37581

File /Users/janicduplessis/Developer/react-native/ReactAndroid/hermes-engine/.cxx/MinSizeRel/1g696kf7/x86_64/CMakeFiles/CMakeTmp/CheckSymbolExists.c:
/* */
#include <fenv.h>

int main(int argc, char** argv)
{
  (void)argv;
#ifndef FE_ALL_EXCEPT
  return ((int*)(&FE_ALL_EXCEPT))[argc];
#else
  (void)argc;
  return 0;
#endif
}

Determining if the FE_INEXACT exist passed with the following output:
Change Dir: /Users/janicduplessis/Developer/react-native/ReactAndroid/hermes-engine/.cxx/MinSizeRel/1g696kf7/x86_64/CMakeFiles/CMakeTmp

Run Build Command:"/Users/janicduplessis/Library/Android/sdk/cmake/3.10.2.4988404/bin/ninja" "cmTC_26e75"
[1/2] Building C object CMakeFiles/cmTC_26e75.dir/CheckSymbolExists.c.o
[2/2] Linking C executable cmTC_26e75

File /Users/janicduplessis/Developer/react-native/ReactAndroid/hermes-engine/.cxx/MinSizeRel/1g696kf7/x86_64/CMakeFiles/CMakeTmp/CheckSymbolExists.c:
/* */
#include <fenv.h>

int main(int argc, char** argv)
{
  (void)argv;
#ifndef FE_INEXACT
  return ((int*)(&FE_INEXACT))[argc];
#else
  (void)argc;
  return 0;
#endif
}

Determining if the function pthread_create exists in the c passed with the following output:
Change Dir: /Users/janicduplessis/Developer/react-native/ReactAndroid/hermes-engine/.cxx/MinSizeRel/1g696kf7/x86_64/CMakeFiles/CMakeTmp

Run Build Command:"/Users/janicduplessis/Library/Android/sdk/cmake/3.10.2.4988404/bin/ninja" "cmTC_e6cbb"
[1/2] Building C object CMakeFiles/cmTC_e6cbb.dir/CheckFunctionExists.c.o
/Users/janicduplessis/Library/Android/sdk/cmake/3.10.2.4988404/share/cmake-3.10/Modules/CheckFunctionExists.c:7:3: warning: declaration of built-in function 'pthread_create' requires inclusion of the header <pthread.h> [-Wbuiltin-requires-header]
  CHECK_FUNCTION_EXISTS(void);
  ^
<command line>:3:31: note: expanded from here
#define CHECK_FUNCTION_EXISTS pthread_create
                              ^
1 warning generated.
[2/2] Linking C executable cmTC_e6cbb


Determining if the function pthread_getspecific exists in the c passed with the following output:
Change Dir: /Users/janicduplessis/Developer/react-native/ReactAndroid/hermes-engine/.cxx/MinSizeRel/1g696kf7/x86_64/CMakeFiles/CMakeTmp

Run Build Command:"/Users/janicduplessis/Library/Android/sdk/cmake/3.10.2.4988404/bin/ninja" "cmTC_ee1e7"
[1/2] Building C object CMakeFiles/cmTC_ee1e7.dir/CheckFunctionExists.c.o
[2/2] Linking C executable cmTC_ee1e7


Determining if the function pthread_rwlock_init exists in the c passed with the following output:
Change Dir: /Users/janicduplessis/Developer/react-native/ReactAndroid/hermes-engine/.cxx/MinSizeRel/1g696kf7/x86_64/CMakeFiles/CMakeTmp

Run Build Command:"/Users/janicduplessis/Library/Android/sdk/cmake/3.10.2.4988404/bin/ninja" "cmTC_5e85e"
[1/2] Building C object CMakeFiles/cmTC_5e85e.dir/CheckFunctionExists.c.o
[2/2] Linking C executable cmTC_5e85e


Determining if the function pthread_mutex_lock exists in the c passed with the following output:
Change Dir: /Users/janicduplessis/Developer/react-native/ReactAndroid/hermes-engine/.cxx/MinSizeRel/1g696kf7/x86_64/CMakeFiles/CMakeTmp

Run Build Command:"/Users/janicduplessis/Library/Android/sdk/cmake/3.10.2.4988404/bin/ninja" "cmTC_6b6ff"
[1/2] Building C object CMakeFiles/cmTC_6b6ff.dir/CheckFunctionExists.c.o
[2/2] Linking C executable cmTC_6b6ff


Determining if the function dlopen exists in the dl passed with the following output:
Change Dir: /Users/janicduplessis/Developer/react-native/ReactAndroid/hermes-engine/.cxx/MinSizeRel/1g696kf7/x86_64/CMakeFiles/CMakeTmp

Run Build Command:"/Users/janicduplessis/Library/Android/sdk/cmake/3.10.2.4988404/bin/ninja" "cmTC_96636"
[1/2] Building C object CMakeFiles/cmTC_96636.dir/CheckFunctionExists.c.o
[2/2] Linking C executable cmTC_96636


Determining if the arc4random exist passed with the following output:
Change Dir: /Users/janicduplessis/Developer/react-native/ReactAndroid/hermes-engine/.cxx/MinSizeRel/1g696kf7/x86_64/CMakeFiles/CMakeTmp

Run Build Command:"/Users/janicduplessis/Library/Android/sdk/cmake/3.10.2.4988404/bin/ninja" "cmTC_762ab"
[1/2] Building C object CMakeFiles/cmTC_762ab.dir/CheckSymbolExists.c.o
[2/2] Linking C executable cmTC_762ab

File /Users/janicduplessis/Developer/react-native/ReactAndroid/hermes-engine/.cxx/MinSizeRel/1g696kf7/x86_64/CMakeFiles/CMakeTmp/CheckSymbolExists.c:
/* */
#include <stdlib.h>

int main(int argc, char** argv)
{
  (void)argv;
#ifndef arc4random
  return ((int*)(&arc4random))[argc];
#else
  (void)argc;
  return 0;
#endif
}

Performing C SOURCE FILE Test C_SUPPORTS_WERROR_UNGUARDED_AVAILABILITY_NEW succeeded with the following output:
Change Dir: /Users/janicduplessis/Developer/react-native/ReactAndroid/hermes-engine/.cxx/MinSizeRel/1g696kf7/x86_64/CMakeFiles/CMakeTmp

Run Build Command:"/Users/janicduplessis/Library/Android/sdk/cmake/3.10.2.4988404/bin/ninja" "cmTC_05517"
[1/2] Building C object CMakeFiles/cmTC_05517.dir/src.c.o
[2/2] Linking C executable cmTC_05517

Source file was:
int main(void) { return 0; }
Determining if the _Unwind_Backtrace exist passed with the following output:
Change Dir: /Users/janicduplessis/Developer/react-native/ReactAndroid/hermes-engine/.cxx/MinSizeRel/1g696kf7/x86_64/CMakeFiles/CMakeTmp

Run Build Command:"/Users/janicduplessis/Library/Android/sdk/cmake/3.10.2.4988404/bin/ninja" "cmTC_54c29"
[1/2] Building C object CMakeFiles/cmTC_54c29.dir/CheckSymbolExists.c.o
[2/2] Linking C executable cmTC_54c29

File /Users/janicduplessis/Developer/react-native/ReactAndroid/hermes-engine/.cxx/MinSizeRel/1g696kf7/x86_64/CMakeFiles/CMakeTmp/CheckSymbolExists.c:
/* */
#include <unwind.h>

int main(int argc, char** argv)
{
  (void)argv;
#ifndef _Unwind_Backtrace
  return ((int*)(&_Unwind_Backtrace))[argc];
#else
  (void)argc;
  return 0;
#endif
}

Determining if the getpagesize exist passed with the following output:
Change Dir: /Users/janicduplessis/Developer/react-native/ReactAndroid/hermes-engine/.cxx/MinSizeRel/1g696kf7/x86_64/CMakeFiles/CMakeTmp

Run Build Command:"/Users/janicduplessis/Library/Android/sdk/cmake/3.10.2.4988404/bin/ninja" "cmTC_68973"
[1/2] Building C object CMakeFiles/cmTC_68973.dir/CheckSymbolExists.c.o
[2/2] Linking C executable cmTC_68973

File /Users/janicduplessis/Developer/react-native/ReactAndroid/hermes-engine/.cxx/MinSizeRel/1g696kf7/x86_64/CMakeFiles/CMakeTmp/CheckSymbolExists.c:
/* */
#include <unistd.h>

int main(int argc, char** argv)
{
  (void)argv;
#ifndef getpagesize
  return ((int*)(&getpagesize))[argc];
#else
  (void)argc;
  return 0;
#endif
}

Determining if the sysconf exist passed with the following output:
Change Dir: /Users/janicduplessis/Developer/react-native/ReactAndroid/hermes-engine/.cxx/MinSizeRel/1g696kf7/x86_64/CMakeFiles/CMakeTmp

Run Build Command:"/Users/janicduplessis/Library/Android/sdk/cmake/3.10.2.4988404/bin/ninja" "cmTC_f5c1d"
[1/2] Building C object CMakeFiles/cmTC_f5c1d.dir/CheckSymbolExists.c.o
[2/2] Linking C executable cmTC_f5c1d

File /Users/janicduplessis/Developer/react-native/ReactAndroid/hermes-engine/.cxx/MinSizeRel/1g696kf7/x86_64/CMakeFiles/CMakeTmp/CheckSymbolExists.c:
/* */
#include <unistd.h>

int main(int argc, char** argv)
{
  (void)argv;
#ifndef sysconf
  return ((int*)(&sysconf))[argc];
#else
  (void)argc;
  return 0;
#endif
}

Determining if the getrusage exist passed with the following output:
Change Dir: /Users/janicduplessis/Developer/react-native/ReactAndroid/hermes-engine/.cxx/MinSizeRel/1g696kf7/x86_64/CMakeFiles/CMakeTmp

Run Build Command:"/Users/janicduplessis/Library/Android/sdk/cmake/3.10.2.4988404/bin/ninja" "cmTC_2ffbe"
[1/2] Building C object CMakeFiles/cmTC_2ffbe.dir/CheckSymbolExists.c.o
[2/2] Linking C executable cmTC_2ffbe

File /Users/janicduplessis/Developer/react-native/ReactAndroid/hermes-engine/.cxx/MinSizeRel/1g696kf7/x86_64/CMakeFiles/CMakeTmp/CheckSymbolExists.c:
/* */
#include <sys/resource.h>

int main(int argc, char** argv)
{
  (void)argv;
#ifndef getrusage
  return ((int*)(&getrusage))[argc];
#else
  (void)argc;
  return 0;
#endif
}

Determining if the setrlimit exist passed with the following output:
Change Dir: /Users/janicduplessis/Developer/react-native/ReactAndroid/hermes-engine/.cxx/MinSizeRel/1g696kf7/x86_64/CMakeFiles/CMakeTmp

Run Build Command:"/Users/janicduplessis/Library/Android/sdk/cmake/3.10.2.4988404/bin/ninja" "cmTC_6a9a6"
[1/2] Building C object CMakeFiles/cmTC_6a9a6.dir/CheckSymbolExists.c.o
[2/2] Linking C executable cmTC_6a9a6

File /Users/janicduplessis/Developer/react-native/ReactAndroid/hermes-engine/.cxx/MinSizeRel/1g696kf7/x86_64/CMakeFiles/CMakeTmp/CheckSymbolExists.c:
/* */
#include <sys/resource.h>

int main(int argc, char** argv)
{
  (void)argv;
#ifndef setrlimit
  return ((int*)(&setrlimit))[argc];
#else
  (void)argc;
  return 0;
#endif
}

Determining if the isatty exist passed with the following output:
Change Dir: /Users/janicduplessis/Developer/react-native/ReactAndroid/hermes-engine/.cxx/MinSizeRel/1g696kf7/x86_64/CMakeFiles/CMakeTmp

Run Build Command:"/Users/janicduplessis/Library/Android/sdk/cmake/3.10.2.4988404/bin/ninja" "cmTC_25355"
[1/2] Building C object CMakeFiles/cmTC_25355.dir/CheckSymbolExists.c.o
[2/2] Linking C executable cmTC_25355

File /Users/janicduplessis/Developer/react-native/ReactAndroid/hermes-engine/.cxx/MinSizeRel/1g696kf7/x86_64/CMakeFiles/CMakeTmp/CheckSymbolExists.c:
/* */
#include <unistd.h>

int main(int argc, char** argv)
{
  (void)argv;
#ifndef isatty
  return ((int*)(&isatty))[argc];
#else
  (void)argc;
  return 0;
#endif
}

Determining if the futimens exist passed with the following output:
Change Dir: /Users/janicduplessis/Developer/react-native/ReactAndroid/hermes-engine/.cxx/MinSizeRel/1g696kf7/x86_64/CMakeFiles/CMakeTmp

Run Build Command:"/Users/janicduplessis/Library/Android/sdk/cmake/3.10.2.4988404/bin/ninja" "cmTC_200e6"
[1/2] Building C object CMakeFiles/cmTC_200e6.dir/CheckSymbolExists.c.o
[2/2] Linking C executable cmTC_200e6

File /Users/janicduplessis/Developer/react-native/ReactAndroid/hermes-engine/.cxx/MinSizeRel/1g696kf7/x86_64/CMakeFiles/CMakeTmp/CheckSymbolExists.c:
/* */
#include <sys/stat.h>

int main(int argc, char** argv)
{
  (void)argv;
#ifndef futimens
  return ((int*)(&futimens))[argc];
#else
  (void)argc;
  return 0;
#endif
}

Determining if the posix_fallocate exist passed with the following output:
Change Dir: /Users/janicduplessis/Developer/react-native/ReactAndroid/hermes-engine/.cxx/MinSizeRel/1g696kf7/x86_64/CMakeFiles/CMakeTmp

Run Build Command:"/Users/janicduplessis/Library/Android/sdk/cmake/3.10.2.4988404/bin/ninja" "cmTC_9749c"
[1/2] Building C object CMakeFiles/cmTC_9749c.dir/CheckSymbolExists.c.o
[2/2] Linking C executable cmTC_9749c

File /Users/janicduplessis/Developer/react-native/ReactAndroid/hermes-engine/.cxx/MinSizeRel/1g696kf7/x86_64/CMakeFiles/CMakeTmp/CheckSymbolExists.c:
/* */
#include <fcntl.h>

int main(int argc, char** argv)
{
  (void)argv;
#ifndef posix_fallocate
  return ((int*)(&posix_fallocate))[argc];
#else
  (void)argc;
  return 0;
#endif
}

Determining if the sigaltstack exist passed with the following output:
Change Dir: /Users/janicduplessis/Developer/react-native/ReactAndroid/hermes-engine/.cxx/MinSizeRel/1g696kf7/x86_64/CMakeFiles/CMakeTmp

Run Build Command:"/Users/janicduplessis/Library/Android/sdk/cmake/3.10.2.4988404/bin/ninja" "cmTC_5c0a6"
[1/2] Building C object CMakeFiles/cmTC_5c0a6.dir/CheckSymbolExists.c.o
[2/2] Linking C executable cmTC_5c0a6

File /Users/janicduplessis/Developer/react-native/ReactAndroid/hermes-engine/.cxx/MinSizeRel/1g696kf7/x86_64/CMakeFiles/CMakeTmp/CheckSymbolExists.c:
/* */
#include <signal.h>

int main(int argc, char** argv)
{
  (void)argv;
#ifndef sigaltstack
  return ((int*)(&sigaltstack))[argc];
#else
  (void)argc;
  return 0;
#endif
}

Determining if the lseek64 exist passed with the following output:
Change Dir: /Users/janicduplessis/Developer/react-native/ReactAndroid/hermes-engine/.cxx/MinSizeRel/1g696kf7/x86_64/CMakeFiles/CMakeTmp

Run Build Command:"/Users/janicduplessis/Library/Android/sdk/cmake/3.10.2.4988404/bin/ninja" "cmTC_4c8af"
[1/2] Building C object CMakeFiles/cmTC_4c8af.dir/CheckSymbolExists.c.o
[2/2] Linking C executable cmTC_4c8af

File /Users/janicduplessis/Developer/react-native/ReactAndroid/hermes-engine/.cxx/MinSizeRel/1g696kf7/x86_64/CMakeFiles/CMakeTmp/CheckSymbolExists.c:
/* */
#include <sys/types.h>
#include <unistd.h>

int main(int argc, char** argv)
{
  (void)argv;
#ifndef lseek64
  return ((int*)(&lseek64))[argc];
#else
  (void)argc;
  return 0;
#endif
}

Determining if the mallinfo exist passed with the following output:
Change Dir: /Users/janicduplessis/Developer/react-native/ReactAndroid/hermes-engine/.cxx/MinSizeRel/1g696kf7/x86_64/CMakeFiles/CMakeTmp

Run Build Command:"/Users/janicduplessis/Library/Android/sdk/cmake/3.10.2.4988404/bin/ninja" "cmTC_5f6da"
[1/2] Building C object CMakeFiles/cmTC_5f6da.dir/CheckSymbolExists.c.o
[2/2] Linking C executable cmTC_5f6da

File /Users/janicduplessis/Developer/react-native/ReactAndroid/hermes-engine/.cxx/MinSizeRel/1g696kf7/x86_64/CMakeFiles/CMakeTmp/CheckSymbolExists.c:
/* */
#include <malloc.h>

int main(int argc, char** argv)
{
  (void)argv;
#ifndef mallinfo
  return ((int*)(&mallinfo))[argc];
#else
  (void)argc;
  return 0;
#endif
}

Determining if the getrlimit exist passed with the following output:
Change Dir: /Users/janicduplessis/Developer/react-native/ReactAndroid/hermes-engine/.cxx/MinSizeRel/1g696kf7/x86_64/CMakeFiles/CMakeTmp

Run Build Command:"/Users/janicduplessis/Library/Android/sdk/cmake/3.10.2.4988404/bin/ninja" "cmTC_01db7"
[1/2] Building C object CMakeFiles/cmTC_01db7.dir/CheckSymbolExists.c.o
[2/2] Linking C executable cmTC_01db7

File /Users/janicduplessis/Developer/react-native/ReactAndroid/hermes-engine/.cxx/MinSizeRel/1g696kf7/x86_64/CMakeFiles/CMakeTmp/CheckSymbolExists.c:
/* */
#include <sys/types.h>
#include <sys/time.h>
#include <sys/resource.h>

int main(int argc, char** argv)
{
  (void)argv;
#ifndef getrlimit
  return ((int*)(&getrlimit))[argc];
#else
  (void)argc;
  return 0;
#endif
}

Determining if the pread exist passed with the following output:
Change Dir: /Users/janicduplessis/Developer/react-native/ReactAndroid/hermes-engine/.cxx/MinSizeRel/1g696kf7/x86_64/CMakeFiles/CMakeTmp

Run Build Command:"/Users/janicduplessis/Library/Android/sdk/cmake/3.10.2.4988404/bin/ninja" "cmTC_e1b59"
[1/2] Building C object CMakeFiles/cmTC_e1b59.dir/CheckSymbolExists.c.o
[2/2] Linking C executable cmTC_e1b59

File /Users/janicduplessis/Developer/react-native/ReactAndroid/hermes-engine/.cxx/MinSizeRel/1g696kf7/x86_64/CMakeFiles/CMakeTmp/CheckSymbolExists.c:
/* */
#include <unistd.h>

int main(int argc, char** argv)
{
  (void)argv;
#ifndef pread
  return ((int*)(&pread))[argc];
#else
  (void)argc;
  return 0;
#endif
}

Determining if the realpath exist passed with the following output:
Change Dir: /Users/janicduplessis/Developer/react-native/ReactAndroid/hermes-engine/.cxx/MinSizeRel/1g696kf7/x86_64/CMakeFiles/CMakeTmp

Run Build Command:"/Users/janicduplessis/Library/Android/sdk/cmake/3.10.2.4988404/bin/ninja" "cmTC_203b9"
[1/2] Building C object CMakeFiles/cmTC_203b9.dir/CheckSymbolExists.c.o
[2/2] Linking C executable cmTC_203b9

File /Users/janicduplessis/Developer/react-native/ReactAndroid/hermes-engine/.cxx/MinSizeRel/1g696kf7/x86_64/CMakeFiles/CMakeTmp/CheckSymbolExists.c:
/* */
#include <stdlib.h>

int main(int argc, char** argv)
{
  (void)argv;
#ifndef realpath
  return ((int*)(&realpath))[argc];
#else
  (void)argc;
  return 0;
#endif
}

Determining if the sbrk exist passed with the following output:
Change Dir: /Users/janicduplessis/Developer/react-native/ReactAndroid/hermes-engine/.cxx/MinSizeRel/1g696kf7/x86_64/CMakeFiles/CMakeTmp

Run Build Command:"/Users/janicduplessis/Library/Android/sdk/cmake/3.10.2.4988404/bin/ninja" "cmTC_92f79"
[1/2] Building C object CMakeFiles/cmTC_92f79.dir/CheckSymbolExists.c.o
[2/2] Linking C executable cmTC_92f79

File /Users/janicduplessis/Developer/react-native/ReactAndroid/hermes-engine/.cxx/MinSizeRel/1g696kf7/x86_64/CMakeFiles/CMakeTmp/CheckSymbolExists.c:
/* */
#include <unistd.h>

int main(int argc, char** argv)
{
  (void)argv;
#ifndef sbrk
  return ((int*)(&sbrk))[argc];
#else
  (void)argc;
  return 0;
#endif
}

Determining if the strerror exist passed with the following output:
Change Dir: /Users/janicduplessis/Developer/react-native/ReactAndroid/hermes-engine/.cxx/MinSizeRel/1g696kf7/x86_64/CMakeFiles/CMakeTmp

Run Build Command:"/Users/janicduplessis/Library/Android/sdk/cmake/3.10.2.4988404/bin/ninja" "cmTC_c553a"
[1/2] Building C object CMakeFiles/cmTC_c553a.dir/CheckSymbolExists.c.o
[2/2] Linking C executable cmTC_c553a

File /Users/janicduplessis/Developer/react-native/ReactAndroid/hermes-engine/.cxx/MinSizeRel/1g696kf7/x86_64/CMakeFiles/CMakeTmp/CheckSymbolExists.c:
/* */
#include <string.h>

int main(int argc, char** argv)
{
  (void)argv;
#ifndef strerror
  return ((int*)(&strerror))[argc];
#else
  (void)argc;
  return 0;
#endif
}

Determining if the strerror_r exist passed with the following output:
Change Dir: /Users/janicduplessis/Developer/react-native/ReactAndroid/hermes-engine/.cxx/MinSizeRel/1g696kf7/x86_64/CMakeFiles/CMakeTmp

Run Build Command:"/Users/janicduplessis/Library/Android/sdk/cmake/3.10.2.4988404/bin/ninja" "cmTC_057aa"
[1/2] Building C object CMakeFiles/cmTC_057aa.dir/CheckSymbolExists.c.o
[2/2] Linking C executable cmTC_057aa

File /Users/janicduplessis/Developer/react-native/ReactAndroid/hermes-engine/.cxx/MinSizeRel/1g696kf7/x86_64/CMakeFiles/CMakeTmp/CheckSymbolExists.c:
/* */
#include <string.h>

int main(int argc, char** argv)
{
  (void)argv;
#ifndef strerror_r
  return ((int*)(&strerror_r))[argc];
#else
  (void)argc;
  return 0;
#endif
}

Determining if the setenv exist passed with the following output:
Change Dir: /Users/janicduplessis/Developer/react-native/ReactAndroid/hermes-engine/.cxx/MinSizeRel/1g696kf7/x86_64/CMakeFiles/CMakeTmp

Run Build Command:"/Users/janicduplessis/Library/Android/sdk/cmake/3.10.2.4988404/bin/ninja" "cmTC_6e487"
[1/2] Building C object CMakeFiles/cmTC_6e487.dir/CheckSymbolExists.c.o
[2/2] Linking C executable cmTC_6e487

File /Users/janicduplessis/Developer/react-native/ReactAndroid/hermes-engine/.cxx/MinSizeRel/1g696kf7/x86_64/CMakeFiles/CMakeTmp/CheckSymbolExists.c:
/* */
#include <stdlib.h>

int main(int argc, char** argv)
{
  (void)argv;
#ifndef setenv
  return ((int*)(&setenv))[argc];
#else
  (void)argc;
  return 0;
#endif
}

Determining if the dlopen exist passed with the following output:
Change Dir: /Users/janicduplessis/Developer/react-native/ReactAndroid/hermes-engine/.cxx/MinSizeRel/1g696kf7/x86_64/CMakeFiles/CMakeTmp

Run Build Command:"/Users/janicduplessis/Library/Android/sdk/cmake/3.10.2.4988404/bin/ninja" "cmTC_f9aec"
[1/2] Building C object CMakeFiles/cmTC_f9aec.dir/CheckSymbolExists.c.o
[2/2] Linking C executable cmTC_f9aec

File /Users/janicduplessis/Developer/react-native/ReactAndroid/hermes-engine/.cxx/MinSizeRel/1g696kf7/x86_64/CMakeFiles/CMakeTmp/CheckSymbolExists.c:
/* */
#include <dlfcn.h>

int main(int argc, char** argv)
{
  (void)argv;
#ifndef dlopen
  return ((int*)(&dlopen))[argc];
#else
  (void)argc;
  return 0;
#endif
}

Determining if the dladdr exist passed with the following output:
Change Dir: /Users/janicduplessis/Developer/react-native/ReactAndroid/hermes-engine/.cxx/MinSizeRel/1g696kf7/x86_64/CMakeFiles/CMakeTmp

Run Build Command:"/Users/janicduplessis/Library/Android/sdk/cmake/3.10.2.4988404/bin/ninja" "cmTC_2fc38"
[1/2] Building C object CMakeFiles/cmTC_2fc38.dir/CheckSymbolExists.c.o
[2/2] Linking C executable cmTC_2fc38

File /Users/janicduplessis/Developer/react-native/ReactAndroid/hermes-engine/.cxx/MinSizeRel/1g696kf7/x86_64/CMakeFiles/CMakeTmp/CheckSymbolExists.c:
/* */
#include <dlfcn.h>

int main(int argc, char** argv)
{
  (void)argv;
#ifndef dladdr
  return ((int*)(&dladdr))[argc];
#else
  (void)argc;
  return 0;
#endif
}

Determining if the pthread_setname_np exist passed with the following output:
Change Dir: /Users/janicduplessis/Developer/react-native/ReactAndroid/hermes-engine/.cxx/MinSizeRel/1g696kf7/x86_64/CMakeFiles/CMakeTmp

Run Build Command:"/Users/janicduplessis/Library/Android/sdk/cmake/3.10.2.4988404/bin/ninja" "cmTC_5a4df"
[1/2] Building C object CMakeFiles/cmTC_5a4df.dir/CheckSymbolExists.c.o
[2/2] Linking C executable cmTC_5a4df

File /Users/janicduplessis/Developer/react-native/ReactAndroid/hermes-engine/.cxx/MinSizeRel/1g696kf7/x86_64/CMakeFiles/CMakeTmp/CheckSymbolExists.c:
/* */
#include <pthread.h>

int main(int argc, char** argv)
{
  (void)argv;
#ifndef pthread_setname_np
  return ((int*)(&pthread_setname_np))[argc];
#else
  (void)argc;
  return 0;
#endif
}

Performing C++ SOURCE FILE Test HAVE_CXX_ATOMICS_WITHOUT_LIB succeeded with the following output:
Change Dir: /Users/janicduplessis/Developer/react-native/ReactAndroid/hermes-engine/.cxx/MinSizeRel/1g696kf7/x86_64/CMakeFiles/CMakeTmp

Run Build Command:"/Users/janicduplessis/Library/Android/sdk/cmake/3.10.2.4988404/bin/ninja" "cmTC_ddfd1"
[1/2] Building CXX object CMakeFiles/cmTC_ddfd1.dir/src.cxx.o
[2/2] Linking CXX executable cmTC_ddfd1

Source file was:

#include <atomic>
std::atomic<int> x;
int main() {
  return x;
}

Performing C++ SOURCE FILE Test HAVE_CXX_ATOMICS64_WITHOUT_LIB succeeded with the following output:
Change Dir: /Users/janicduplessis/Developer/react-native/ReactAndroid/hermes-engine/.cxx/MinSizeRel/1g696kf7/x86_64/CMakeFiles/CMakeTmp

Run Build Command:"/Users/janicduplessis/Library/Android/sdk/cmake/3.10.2.4988404/bin/ninja" "cmTC_4d46c"
[1/2] Building CXX object CMakeFiles/cmTC_4d46c.dir/src.cxx.o
src.cxx:6:12: warning: unused variable 'i' [-Wunused-variable]
  uint64_t i = x.load(std::memory_order_relaxed);
           ^
1 warning generated.
[2/2] Linking CXX executable cmTC_4d46c

Source file was:

#include <atomic>
#include <cstdint>
std::atomic<uint64_t> x (0);
int main() {
  uint64_t i = x.load(std::memory_order_relaxed);
  return 0;
}

Performing C++ SOURCE FILE Test LLVM_HAS_ATOMICS succeeded with the following output:
Change Dir: /Users/janicduplessis/Developer/react-native/ReactAndroid/hermes-engine/.cxx/MinSizeRel/1g696kf7/x86_64/CMakeFiles/CMakeTmp

Run Build Command:"/Users/janicduplessis/Library/Android/sdk/cmake/3.10.2.4988404/bin/ninja" "cmTC_d345c"
[1/2] Building CXX object CMakeFiles/cmTC_d345c.dir/src.cxx.o
[2/2] Linking CXX executable cmTC_d345c

Source file was:

#ifdef _MSC_VER
#include <windows.h>
#endif
int main() {
#ifdef _MSC_VER
        volatile LONG val = 1;
        MemoryBarrier();
        InterlockedCompareExchange(&val, 0, 1);
        InterlockedIncrement(&val);
        InterlockedDecrement(&val);
#else
        volatile unsigned long val = 1;
        __sync_synchronize();
        __sync_val_compare_and_swap(&val, 1, 0);
        __sync_add_and_fetch(&val, 1);
        __sync_sub_and_fetch(&val, 1);
#endif
        return 0;
      }

Performing C++ SOURCE FILE Test SUPPORTS_NO_PIE_FLAG succeeded with the following output:
Change Dir: /Users/janicduplessis/Developer/react-native/ReactAndroid/hermes-engine/.cxx/MinSizeRel/1g696kf7/x86_64/CMakeFiles/CMakeTmp

Run Build Command:"/Users/janicduplessis/Library/Android/sdk/cmake/3.10.2.4988404/bin/ninja" "cmTC_96606"
[1/2] Building CXX object CMakeFiles/cmTC_96606.dir/src.cxx.o
[2/2] Linking CXX executable cmTC_96606

Source file was:
int main() { return 0; }
Performing C++ SOURCE FILE Test SUPPORTS_VARIADIC_MACROS_FLAG succeeded with the following output:
Change Dir: /Users/janicduplessis/Developer/react-native/ReactAndroid/hermes-engine/.cxx/MinSizeRel/1g696kf7/x86_64/CMakeFiles/CMakeTmp

Run Build Command:"/Users/janicduplessis/Library/Android/sdk/cmake/3.10.2.4988404/bin/ninja" "cmTC_16644"
[1/2] Building CXX object CMakeFiles/cmTC_16644.dir/src.cxx.o
[2/2] Linking CXX executable cmTC_16644

Source file was:
int main() { return 0; }
Performing C++ SOURCE FILE Test SUPPORTS_GNU_ZERO_VARIADIC_MACRO_ARGUMENTS_FLAG succeeded with the following output:
Change Dir: /Users/janicduplessis/Developer/react-native/ReactAndroid/hermes-engine/.cxx/MinSizeRel/1g696kf7/x86_64/CMakeFiles/CMakeTmp

Run Build Command:"/Users/janicduplessis/Library/Android/sdk/cmake/3.10.2.4988404/bin/ninja" "cmTC_a97ff"
[1/2] Building CXX object CMakeFiles/cmTC_a97ff.dir/src.cxx.o
[2/2] Linking CXX executable cmTC_a97ff

Source file was:
int main() { return 0; }
